<?xml version="1.0" encoding="UTF-8"?>
<!-- Generated by org.testng.reporters.JUnitXMLReporter -->
<testsuite ignored="107" hostname="Zmsi" failures="6" tests="25" name="Surefire test" time="151.08" errors="0" timestamp="2026-04-12T16:08:16 IST">
  <testcase classname="swag.lab.tests.CartTest" name="verifyProductDetailsLink" time="0.944">
    <failure type="java.lang.AssertionError" message="expected [true] but found [false]">
      <![CDATA[java.lang.AssertionError: expected [true] but found [false]
at swag.lab.tests.CartTest.verifyProductDetailsLink(CartTest.java:302)
at java.base/java.util.ArrayList.forEach(ArrayList.java:1511)
... Removed 36 stack frames]]>
    </failure>
  </testcase> <!-- verifyProductDetailsLink -->
  <testcase classname="swag.lab.tests.CheckOutInformationTest" name="verifyAllFieldFilled" time="11.403"/>
  <testcase classname="swag.lab.tests.CheckoutOverviewTest" name="verifyDescriptionsNotEmpty" time="0.0">
    <failure type="org.testng.TestNGException" message="
Parameter &amp;apos;first_name&amp;apos; is required by @Test on method verifyDescriptionsNotEmpty but has not been marked @Optional or defined
">
      <![CDATA[org.testng.TestNGException: 
Parameter 'first_name' is required by @Test on method verifyDescriptionsNotEmpty but has not been marked @Optional or defined

at java.base/java.util.ArrayList.forEach(ArrayList.java:1511)
... Removed 31 stack frames]]>
    </failure>
  </testcase> <!-- verifyDescriptionsNotEmpty -->
  <testcase classname="swag.lab.tests.InventoryTests" name="VerifyAllElementArePresent" time="2.381"/>
  <testcase classname="swag.lab.tests.InventoryTests" name="VerifyCartIconIsVisible" time="0.12"/>
  <testcase classname="swag.lab.tests.InventoryTests" name="VerifyHamburgerMenuIsVisible" time="0.111"/>
  <testcase classname="swag.lab.tests.InventoryTests" name="rapidRemoveClicks" time="1.379">
    <failure type="java.lang.AssertionError" message="expected [0] but found [1]">
      <![CDATA[java.lang.AssertionError: expected [0] but found [1]
at swag.lab.tests.InventoryTests.rapidRemoveClicks(InventoryTests.java:224)
at java.base/java.util.ArrayList.forEach(ArrayList.java:1511)
... Removed 39 stack frames]]>
    </failure>
  </testcase> <!-- rapidRemoveClicks -->
  <testcase classname="swag.lab.tests.InventoryTests" name="verifyAllProductsDisplayed" time="0.016"/>
  <testcase classname="swag.lab.tests.InventoryTests" name="verifyCartPersistenceAfterRefresh" time="1.355"/>
  <testcase classname="swag.lab.tests.InventoryTests" name="verifyMultipleProductsAddToCart" time="0.86">
    <failure type="java.lang.AssertionError" message="expected [3] but found [1]">
      <![CDATA[java.lang.AssertionError: expected [3] but found [1]
at swag.lab.tests.InventoryTests.verifyMultipleProductsAddToCart(InventoryTests.java:159)
at java.base/java.util.ArrayList.forEach(ArrayList.java:1511)
... Removed 39 stack frames]]>
    </failure>
  </testcase> <!-- verifyMultipleProductsAddToCart -->
  <testcase classname="swag.lab.tests.InventoryTests" name="verifyPageTitle" time="0.126"/>
  <testcase classname="swag.lab.tests.InventoryTests" name="verifySingleProductAddToCart" time="0.252"/>
  <testcase classname="swag.lab.tests.LoginTest" name="invalidLoginPasswordRequired" time="1.051"/>
  <testcase classname="swag.lab.tests.LogOutTest" name="verifyCartResetAfterLogout" time="12.041"/>
  <testcase classname="swag.lab.tests.OrderPlacedTest" name="verifyCheckoutCompletePage" time="15.029">
    <skipped/>
  </testcase> <!-- verifyCheckoutCompletePage -->
  <testcase classname="swag.lab.tests.OrderPlacedTest" name="verifyCheckoutCompletePage" time="4.893"/>
  <testcase classname="swag.lab.tests.OrderPlacedTest" name="verifyCheckoutCompletePage" time="4.17"/>
  <testcase classname="swag.lab.tests.OrderPlacedTest" name="verifyCheckoutCompletePage" time="4.172"/>
  <testcase classname="swag.lab.tests.OrderPlacedTest" name="verifyCheckoutCompletePage" time="3.721"/>
  <testcase classname="swag.lab.tests.OrderPlacedTest" name="verifyCheckoutCompletePage" time="5.499"/>
  <testcase classname="swag.lab.tests.OrderPlacedTest" name="verifyCheckoutCompletePage" time="5.609"/>
  <testcase classname="swag.lab.tests.OrderPlacedTest" name="verifyCheckoutCompletePage" time="10.954"/>
  <testcase classname="swag.lab.tests.OrderPlacedTest" name="verifyCheckoutCompletePage" time="8.432"/>
  <testcase classname="swag.lab.tests.PerformanceTest" name="verifyCartPageLoadTime" time="0.023">
    <failure type="org.openqa.selenium.NoSuchSessionException" message="invalid session id: session deleted as the browser has closed the connection
from disconnected: not connected to DevTools
  (Session info: chrome=146.0.7680.178)
Build info: version: &amp;apos;4.41.0&amp;apos;, revision: &amp;apos;9fc754f&amp;apos;
System info: os.name: &amp;apos;Windows 11&amp;apos;, os.arch: &amp;apos;amd64&amp;apos;, os.version: &amp;apos;10.0&amp;apos;, java.version: &amp;apos;17.0.12&amp;apos;
Driver info: org.openqa.selenium.chrome.ChromeDriver
Command: [60e49d078205f163ace484856151067e, get {url=https://www.saucedemo.com/cart.html}]
Capabilities {acceptInsecureCerts: false, browserName: chrome, browserVersion: 146.0.7680.178, chrome: {chromedriverVersion: 146.0.7680.165 (4b989da09e1..., userDataDir: C:\Users\zaidm\AppData\Loca...}, fedcm:accounts: true, goog:chromeOptions: {debuggerAddress: localhost:58927}, goog:processID: 21624, networkConnectionEnabled: false, pageLoadStrategy: normal, platformName: windows, proxy: Proxy(), se:cdp: ws://localhost:58927/devtoo..., se:cdpVersion: 146.0.7680.178, setWindowRect: true, strictFileInteractability: false, timeouts: {implicit: 0, pageLoad: 300000, script: 30000}, unhandledPromptBehavior: dismiss and notify, webauthn:extension:credBlob: true, webauthn:extension:largeBlob: true, webauthn:extension:minPinLength: true, webauthn:extension:prf: true, webauthn:virtualAuthenticators: true}
Session ID: 60e49d078205f163ace484856151067e">
      <![CDATA[org.openqa.selenium.NoSuchSessionException: invalid session id: session deleted as the browser has closed the connection
from disconnected: not connected to DevTools
  (Session info: chrome=146.0.7680.178)
Build info: version: '4.41.0', revision: '9fc754f'
System info: os.name: 'Windows 11', os.arch: 'amd64', os.version: '10.0', java.version: '17.0.12'
Driver info: org.openqa.selenium.chrome.ChromeDriver
Command: [60e49d078205f163ace484856151067e, get {url=https://www.saucedemo.com/cart.html}]
Capabilities {acceptInsecureCerts: false, browserName: chrome, browserVersion: 146.0.7680.178, chrome: {chromedriverVersion: 146.0.7680.165 (4b989da09e1..., userDataDir: C:\Users\zaidm\AppData\Loca...}, fedcm:accounts: true, goog:chromeOptions: {debuggerAddress: localhost:58927}, goog:processID: 21624, networkConnectionEnabled: false, pageLoadStrategy: normal, platformName: windows, proxy: Proxy(), se:cdp: ws://localhost:58927/devtoo..., se:cdpVersion: 146.0.7680.178, setWindowRect: true, strictFileInteractability: false, timeouts: {implicit: 0, pageLoad: 300000, script: 30000}, unhandledPromptBehavior: dismiss and notify, webauthn:extension:credBlob: true, webauthn:extension:largeBlob: true, webauthn:extension:minPinLength: true, webauthn:extension:prf: true, webauthn:virtualAuthenticators: true}
Session ID: 60e49d078205f163ace484856151067e
at org.openqa.selenium.remote.ErrorCodec.decode(ErrorCodec.java:169)
at org.openqa.selenium.remote.codec.w3c.W3CHttpResponseCodec.decode(W3CHttpResponseCodec.java:142)
at org.openqa.selenium.remote.codec.w3c.W3CHttpResponseCodec.decode(W3CHttpResponseCodec.java:49)
at org.openqa.selenium.remote.HttpCommandExecutor.execute(HttpCommandExecutor.java:223)
at org.openqa.selenium.remote.service.DriverCommandExecutor.invokeExecute(DriverCommandExecutor.java:216)
at org.openqa.selenium.remote.service.DriverCommandExecutor.execute(DriverCommandExecutor.java:174)
at org.openqa.selenium.remote.RemoteWebDriver.execute(RemoteWebDriver.java:604)
at org.openqa.selenium.remote.RemoteWebDriver.get(RemoteWebDriver.java:372)
at swag.lab.tests.PerformanceTest.verifyCartPageLoadTime(PerformanceTest.java:103)
at java.base/java.util.ArrayList.forEach(ArrayList.java:1511)
... Removed 32 stack frames]]>
    </failure>
  </testcase> <!-- verifyCartPageLoadTime -->
  <testcase classname="swag.lab.tests.PerformanceTest" name="verifyXSS" time="0.875">
    <failure type="org.openqa.selenium.NoSuchSessionException" message="invalid session id
Build info: version: &amp;apos;4.41.0&amp;apos;, revision: &amp;apos;9fc754f&amp;apos;
System info: os.name: &amp;apos;Windows 11&amp;apos;, os.arch: &amp;apos;amd64&amp;apos;, os.version: &amp;apos;10.0&amp;apos;, java.version: &amp;apos;17.0.12&amp;apos;
Driver info: org.openqa.selenium.chrome.ChromeDriver
Command: [60e49d078205f163ace484856151067e, get {url=https://www.saucedemo.com/inventory.html?test=&amp;lt;script&amp;gt;alert(&amp;apos;xss&amp;apos;)&amp;lt;/script&amp;gt;}]
Capabilities {acceptInsecureCerts: false, browserName: chrome, browserVersion: 146.0.7680.178, chrome: {chromedriverVersion: 146.0.7680.165 (4b989da09e1..., userDataDir: C:\Users\zaidm\AppData\Loca...}, fedcm:accounts: true, goog:chromeOptions: {debuggerAddress: localhost:58927}, goog:processID: 21624, networkConnectionEnabled: false, pageLoadStrategy: normal, platformName: windows, proxy: Proxy(), se:cdp: ws://localhost:58927/devtoo..., se:cdpVersion: 146.0.7680.178, setWindowRect: true, strictFileInteractability: false, timeouts: {implicit: 0, pageLoad: 300000, script: 30000}, unhandledPromptBehavior: dismiss and notify, webauthn:extension:credBlob: true, webauthn:extension:largeBlob: true, webauthn:extension:minPinLength: true, webauthn:extension:prf: true, webauthn:virtualAuthenticators: true}
Session ID: 60e49d078205f163ace484856151067e">
      <![CDATA[org.openqa.selenium.NoSuchSessionException: invalid session id
Build info: version: '4.41.0', revision: '9fc754f'
System info: os.name: 'Windows 11', os.arch: 'amd64', os.version: '10.0', java.version: '17.0.12'
Driver info: org.openqa.selenium.chrome.ChromeDriver
Command: [60e49d078205f163ace484856151067e, get {url=https://www.saucedemo.com/inventory.html?test=<script>alert('xss')</script>}]
Capabilities {acceptInsecureCerts: false, browserName: chrome, browserVersion: 146.0.7680.178, chrome: {chromedriverVersion: 146.0.7680.165 (4b989da09e1..., userDataDir: C:\Users\zaidm\AppData\Loca...}, fedcm:accounts: true, goog:chromeOptions: {debuggerAddress: localhost:58927}, goog:processID: 21624, networkConnectionEnabled: false, pageLoadStrategy: normal, platformName: windows, proxy: Proxy(), se:cdp: ws://localhost:58927/devtoo..., se:cdpVersion: 146.0.7680.178, setWindowRect: true, strictFileInteractability: false, timeouts: {implicit: 0, pageLoad: 300000, script: 30000}, unhandledPromptBehavior: dismiss and notify, webauthn:extension:credBlob: true, webauthn:extension:largeBlob: true, webauthn:extension:minPinLength: true, webauthn:extension:prf: true, webauthn:virtualAuthenticators: true}
Session ID: 60e49d078205f163ace484856151067e
at org.openqa.selenium.remote.ErrorCodec.decode(ErrorCodec.java:169)
at org.openqa.selenium.remote.codec.w3c.W3CHttpResponseCodec.decode(W3CHttpResponseCodec.java:142)
at org.openqa.selenium.remote.codec.w3c.W3CHttpResponseCodec.decode(W3CHttpResponseCodec.java:49)
at org.openqa.selenium.remote.HttpCommandExecutor.execute(HttpCommandExecutor.java:223)
at org.openqa.selenium.remote.service.DriverCommandExecutor.invokeExecute(DriverCommandExecutor.java:216)
at org.openqa.selenium.remote.service.DriverCommandExecutor.execute(DriverCommandExecutor.java:174)
at org.openqa.selenium.remote.RemoteWebDriver.execute(RemoteWebDriver.java:604)
at org.openqa.selenium.remote.RemoteWebDriver.get(RemoteWebDriver.java:372)
at swag.lab.tests.PerformanceTest.verifyXSS(PerformanceTest.java:113)
at java.base/java.util.ArrayList.forEach(ArrayList.java:1511)
... Removed 32 stack frames]]>
    </failure>
  </testcase> <!-- verifyXSS -->
  <testcase classname="swag.lab.tests.CheckoutOverviewTest" name="verifyDecimalPriceCalculation" time="0.0">
    <ignored/>
  </testcase> <!-- verifyDecimalPriceCalculation -->
  <testcase classname="swag.lab.base.BaseClass" name="@AfterSuite tearDown" time="0.0">
    <ignored/>
  </testcase> <!-- @AfterSuite tearDown -->
  <testcase classname="swag.lab.base.BaseClass" name="@AfterSuite tearDown" time="0.0">
    <ignored/>
  </testcase> <!-- @AfterSuite tearDown -->
  <testcase classname="swag.lab.tests.CartTest" name="verifyBackButtonNavigation" time="0.0">
    <ignored/>
  </testcase> <!-- verifyBackButtonNavigation -->
  <testcase classname="swag.lab.tests.LogOutTest" name="verifyLogout" time="0.0">
    <ignored/>
  </testcase> <!-- verifyLogout -->
  <testcase classname="swag.lab.tests.CheckoutOverviewTest" name="verifyInvalidTax" time="0.0">
    <ignored/>
  </testcase> <!-- verifyInvalidTax -->
  <testcase classname="swag.lab.tests.CheckoutOverviewTest" name="verifyItemsDisplayed" time="0.0">
    <ignored/>
  </testcase> <!-- verifyItemsDisplayed -->
  <testcase classname="swag.lab.tests.PerformanceTest" name="verifyResponsiveLayout" time="0.0">
    <ignored/>
  </testcase> <!-- verifyResponsiveLayout -->
  <testcase classname="swag.lab.tests.LoginTest" name="invalidLoginWhenUsernameAndPawordNotMatch" time="0.0">
    <ignored/>
  </testcase> <!-- invalidLoginWhenUsernameAndPawordNotMatch -->
  <testcase classname="swag.lab.tests.LogOutTest" name="verifyUserLogout" time="0.0">
    <ignored/>
  </testcase> <!-- verifyUserLogout -->
  <testcase classname="swag.lab.tests.OrderPlacedTest" name="verifyDispatchMessage" time="0.0">
    <ignored/>
  </testcase> <!-- verifyDispatchMessage -->
  <testcase classname="swag.lab.tests.CheckoutOverviewTest" name="verifyCancelButton" time="0.0">
    <ignored/>
  </testcase> <!-- verifyCancelButton -->
  <testcase classname="swag.lab.tests.CheckOutInformationTest" name="verifyPostalCodeFiledEmpty" time="0.0">
    <ignored/>
  </testcase> <!-- verifyPostalCodeFiledEmpty -->
  <testcase classname="swag.lab.tests.CartTest" name="verifyCheckoutNavigation" time="0.0">
    <ignored/>
  </testcase> <!-- verifyCheckoutNavigation -->
  <testcase classname="swag.lab.base.BaseClass" name="@AfterSuite tearDown" time="0.0">
    <ignored/>
  </testcase> <!-- @AfterSuite tearDown -->
  <testcase classname="swag.lab.tests.LoginTest" name="invalidLoginUsernameRequired" time="0.0">
    <ignored/>
  </testcase> <!-- invalidLoginUsernameRequired -->
  <testcase classname="swag.lab.tests.InventoryTests" name="verifyCartNavigation" time="0.0">
    <ignored/>
  </testcase> <!-- verifyCartNavigation -->
  <testcase classname="swag.lab.tests.InventoryTests" name="verifyProductPricesValid" time="0.0">
    <ignored/>
  </testcase> <!-- verifyProductPricesValid -->
  <testcase classname="swag.lab.tests.CheckoutOverviewTest" name="verifyTotalMismatch" time="0.0">
    <ignored/>
  </testcase> <!-- verifyTotalMismatch -->
  <testcase classname="swag.lab.tests.CheckOutInformationTest" name="verifyFillingCheckoutInformationDetail" time="0.0">
    <ignored/>
  </testcase> <!-- verifyFillingCheckoutInformationDetail -->
  <testcase classname="swag.lab.tests.CartTest" name="verifyContinueShoppingNavigation" time="0.0">
    <ignored/>
  </testcase> <!-- verifyContinueShoppingNavigation -->
  <testcase classname="swag.lab.tests.CheckoutOverviewTest" name="verifyQuantityDisplayed" time="0.0">
    <ignored/>
  </testcase> <!-- verifyQuantityDisplayed -->
  <testcase classname="swag.lab.tests.CheckoutOverviewTest" name="verifySingleItemQuantity" time="0.0">
    <ignored/>
  </testcase> <!-- verifySingleItemQuantity -->
  <testcase classname="swag.lab.tests.CartTest" name="verifyCheckoutButton" time="0.0">
    <ignored/>
  </testcase> <!-- verifyCheckoutButton -->
  <testcase classname="swag.lab.tests.CartTest" name="verifyMultipleProductsPresent" time="0.0">
    <ignored/>
  </testcase> <!-- verifyMultipleProductsPresent -->
  <testcase classname="swag.lab.tests.InventoryTests" name="verifySingleInstanceInCart" time="0.0">
    <ignored/>
  </testcase> <!-- verifySingleInstanceInCart -->
  <testcase classname="swag.lab.tests.InventoryTests" name="verifyLongProductNames" time="0.0">
    <ignored/>
  </testcase> <!-- verifyLongProductNames -->
  <testcase classname="swag.lab.tests.InventoryTests" name="verifyMenuOptions" time="0.0">
    <ignored/>
  </testcase> <!-- verifyMenuOptions -->
  <testcase classname="swag.lab.tests.CheckOutInformationTest" name="verifyContinueButtonDisplayed" time="0.0">
    <ignored/>
  </testcase> <!-- verifyContinueButtonDisplayed -->
  <testcase classname="swag.lab.tests.InventoryTests" name="verifySortPriceHighToLow" time="0.0">
    <ignored/>
  </testcase> <!-- verifySortPriceHighToLow -->
  <testcase classname="swag.lab.tests.CartTest" name="verifyCartPersistenceAfterRefresh" time="0.0">
    <ignored/>
  </testcase> <!-- verifyCartPersistenceAfterRefresh -->
  <testcase classname="swag.lab.tests.InventoryTests" name="verifyProductImagesNotBroken" time="0.0">
    <ignored/>
  </testcase> <!-- verifyProductImagesNotBroken -->
  <testcase classname="swag.lab.tests.CheckoutOverviewTest" name="verifyPriceDisplayedUsingParameter" time="0.0">
    <ignored/>
  </testcase> <!-- verifyPriceDisplayedUsingParameter -->
  <testcase classname="swag.lab.tests.CheckoutOverviewTest" name="verifyQuantityNumeric" time="0.0">
    <ignored/>
  </testcase> <!-- verifyQuantityNumeric -->
  <testcase classname="swag.lab.tests.InventoryTests" name="verifySortPriceLowToHigh" time="0.0">
    <ignored/>
  </testcase> <!-- verifySortPriceLowToHigh -->
  <testcase classname="swag.lab.tests.CheckoutOverviewTest" name="verifyItemDescriptionDisplayed" time="0.0">
    <ignored/>
  </testcase> <!-- verifyItemDescriptionDisplayed -->
  <testcase classname="swag.lab.tests.InventoryTests" name="VerifyProductListIsDisplayed" time="0.0">
    <ignored/>
  </testcase> <!-- VerifyProductListIsDisplayed -->
  <testcase classname="swag.lab.tests.CartTest" name="verifyCartPageLoaded" time="0.0">
    <ignored/>
  </testcase> <!-- verifyCartPageLoaded -->
  <testcase classname="swag.lab.tests.CartTest" name="verifyRemoveButtonPresent" time="0.0">
    <ignored/>
  </testcase> <!-- verifyRemoveButtonPresent -->
  <testcase classname="swag.lab.tests.CheckOutInformationTest" name="verifyCancelButtonDisplayed" time="0.0">
    <ignored/>
  </testcase> <!-- verifyCancelButtonDisplayed -->
  <testcase classname="swag.lab.tests.PerformanceTest" name="accessWithoutLogin" time="0.0">
    <ignored/>
  </testcase> <!-- accessWithoutLogin -->
  <testcase classname="swag.lab.tests.CheckoutOverviewTest" name="verifyQuantityNotZero" time="0.0">
    <ignored/>
  </testcase> <!-- verifyQuantityNotZero -->
  <testcase classname="swag.lab.tests.CartTest" name="verifyProductDescriptionDisplayed" time="0.0">
    <ignored/>
  </testcase> <!-- verifyProductDescriptionDisplayed -->
  <testcase classname="swag.lab.tests.CartTest" name="verifyRemoveAllItems" time="0.0">
    <ignored/>
  </testcase> <!-- verifyRemoveAllItems -->
  <testcase classname="swag.lab.tests.CheckoutOverviewTest" name="verifyLargeNumberOfItems" time="0.0">
    <ignored/>
  </testcase> <!-- verifyLargeNumberOfItems -->
  <testcase classname="swag.lab.tests.CheckOutInformationTest" name="verifyFirstNameFiledEmptyErrorMag" time="0.0">
    <ignored/>
  </testcase> <!-- verifyFirstNameFiledEmptyErrorMag -->
  <testcase classname="swag.lab.tests.LoginTest" name="validLogin" time="0.0">
    <ignored/>
  </testcase> <!-- validLogin -->
  <testcase classname="swag.lab.tests.CartTest" name="verifyRemoveSingleItem" time="0.0">
    <ignored/>
  </testcase> <!-- verifyRemoveSingleItem -->
  <testcase classname="swag.lab.tests.CheckoutOverviewTest" name="verifyInvalidSubtotal" time="0.0">
    <ignored/>
  </testcase> <!-- verifyInvalidSubtotal -->
  <testcase classname="swag.lab.tests.CheckoutOverviewTest" name="verifyTotalCalculation" time="0.0">
    <ignored/>
  </testcase> <!-- verifyTotalCalculation -->
  <testcase classname="swag.lab.tests.OrderPlacedTest" name="verifyBackHomeButtonNavigation" time="0.0">
    <ignored/>
  </testcase> <!-- verifyBackHomeButtonNavigation -->
  <testcase classname="swag.lab.tests.CheckOutInformationTest" name="verifyClickCancelButton" time="0.0">
    <ignored/>
  </testcase> <!-- verifyClickCancelButton -->
  <testcase classname="swag.lab.tests.CheckOutInformationTest" name="verifyCheckoutPageLoaded" time="0.0">
    <ignored/>
  </testcase> <!-- verifyCheckoutPageLoaded -->
  <testcase classname="swag.lab.tests.CheckOutInformationTest" name="verifyLastNameFieldDisplayed" time="0.0">
    <ignored/>
  </testcase> <!-- verifyLastNameFieldDisplayed -->
  <testcase classname="swag.lab.tests.CheckoutOverviewTest" name="verifyItemNameDisplayed" time="0.0">
    <ignored/>
  </testcase> <!-- verifyItemNameDisplayed -->
  <testcase classname="swag.lab.tests.OrderPlacedTest" name="verifyThankYouMessage" time="0.0">
    <ignored/>
  </testcase> <!-- verifyThankYouMessage -->
  <testcase classname="swag.lab.tests.OrderPlacedTest" name="verifyPriceDisplayedUsingParameter" time="0.0">
    <ignored/>
  </testcase> <!-- verifyPriceDisplayedUsingParameter -->
  <testcase classname="swag.lab.tests.CheckoutOverviewTest" name="verifyFinishWithoutItems" time="0.0">
    <ignored/>
  </testcase> <!-- verifyFinishWithoutItems -->
  <testcase classname="swag.lab.tests.InventoryTests" name="verifyNoBrokenImages" time="0.0">
    <ignored/>
  </testcase> <!-- verifyNoBrokenImages -->
  <testcase classname="swag.lab.tests.CartTest" name="verifyProductPriceDisplayed" time="0.0">
    <ignored/>
  </testcase> <!-- verifyProductPriceDisplayed -->
  <testcase classname="swag.lab.tests.CartTest" name="verifyCartNotEmpty" time="0.0">
    <ignored/>
  </testcase> <!-- verifyCartNotEmpty -->
  <testcase classname="swag.lab.tests.CheckoutOverviewTest" name="verifyItemPriceDisplayed" time="0.0">
    <ignored/>
  </testcase> <!-- verifyItemPriceDisplayed -->
  <testcase classname="swag.lab.tests.CheckoutOverviewTest" name="verifyItemNameNotEmpty" time="0.0">
    <ignored/>
  </testcase> <!-- verifyItemNameNotEmpty -->
  <testcase classname="swag.lab.tests.OrderPlacedTest" name="verifyUserStillLoggedIn" time="0.0">
    <ignored/>
  </testcase> <!-- verifyUserStillLoggedIn -->
  <testcase classname="swag.lab.tests.CheckoutOverviewTest" name="verifyPriceDisplayed" time="0.0">
    <ignored/>
  </testcase> <!-- verifyPriceDisplayed -->
  <testcase classname="swag.lab.base.BaseClass" name="@AfterSuite tearDown" time="0.0">
    <ignored/>
  </testcase> <!-- @AfterSuite tearDown -->
  <testcase classname="swag.lab.tests.CheckoutOverviewTest" name="verifyPriceDisplayedUsingDataProvider" time="0.0">
    <ignored/>
  </testcase> <!-- verifyPriceDisplayedUsingDataProvider -->
  <testcase classname="swag.lab.tests.CartTest" name="verifyCartItemsDisplayed" time="0.0">
    <ignored/>
  </testcase> <!-- verifyCartItemsDisplayed -->
  <testcase classname="swag.lab.tests.CheckoutOverviewTest" name="verifyOverviewPageLoaded" time="0.0">
    <ignored/>
  </testcase> <!-- verifyOverviewPageLoaded -->
  <testcase classname="swag.lab.tests.PerformanceTest" name="verifySessionTimeout" time="0.0">
    <ignored/>
  </testcase> <!-- verifySessionTimeout -->
  <testcase classname="swag.lab.tests.CheckoutOverviewTest" name="verifyMultipleItemsDisplayed" time="0.0">
    <ignored/>
  </testcase> <!-- verifyMultipleItemsDisplayed -->
  <testcase classname="swag.lab.tests.CartTest" name="verifyProductQuantityDisplayed" time="0.0">
    <ignored/>
  </testcase> <!-- verifyProductQuantityDisplayed -->
  <testcase classname="swag.lab.tests.CartTest" name="verifyContinueShoppingButton" time="0.0">
    <ignored/>
  </testcase> <!-- verifyContinueShoppingButton -->
  <testcase classname="swag.lab.tests.CheckOutInformationTest" name="verifyCheckoutInformationPageTitle" time="0.0">
    <ignored/>
  </testcase> <!-- verifyCheckoutInformationPageTitle -->
  <testcase classname="swag.lab.tests.CheckoutOverviewTest" name="verifyItemCountMatchesCart" time="0.0">
    <ignored/>
  </testcase> <!-- verifyItemCountMatchesCart -->
  <testcase classname="swag.lab.base.BaseClass" name="@AfterSuite tearDown" time="0.0">
    <ignored/>
  </testcase> <!-- @AfterSuite tearDown -->
  <testcase classname="swag.lab.tests.InventoryTests" name="verifySortNameAscending" time="0.0">
    <ignored/>
  </testcase> <!-- verifySortNameAscending -->
  <testcase classname="swag.lab.base.BaseClass" name="@AfterSuite tearDown" time="0.0">
    <ignored/>
  </testcase> <!-- @AfterSuite tearDown -->
  <testcase classname="swag.lab.tests.InventoryTests" name="verifyRapidAddClicks" time="0.0">
    <ignored/>
  </testcase> <!-- verifyRapidAddClicks -->
  <testcase classname="swag.lab.tests.InventoryTests" name="verifySortNameDescending" time="0.0">
    <ignored/>
  </testcase> <!-- verifySortNameDescending -->
  <testcase classname="swag.lab.tests.CheckoutOverviewTest" name="verifyTotalCalculationValueCorrect" time="0.0">
    <ignored/>
  </testcase> <!-- verifyTotalCalculationValueCorrect -->
  <testcase classname="swag.lab.tests.CheckoutOverviewTest" name="verifyHighPriceItems" time="0.0">
    <ignored/>
  </testcase> <!-- verifyHighPriceItems -->
  <testcase classname="swag.lab.tests.CheckoutOverviewTest" name="verifyFinishButton" time="0.0">
    <ignored/>
  </testcase> <!-- verifyFinishButton -->
  <testcase classname="swag.lab.tests.CheckOutInformationTest" name="verifyLastNameFiledEmpty" time="0.0">
    <ignored/>
  </testcase> <!-- verifyLastNameFiledEmpty -->
  <testcase classname="swag.lab.tests.CartTest" name="verifyProductNameDisplayed" time="0.0">
    <ignored/>
  </testcase> <!-- verifyProductNameDisplayed -->
  <testcase classname="swag.lab.tests.CheckoutOverviewTest" name="verifyMultipleItemQuantity" time="0.0">
    <ignored/>
  </testcase> <!-- verifyMultipleItemQuantity -->
  <testcase classname="swag.lab.tests.CartTest" name="verifyNavigateToProductDetail" time="0.0">
    <ignored/>
  </testcase> <!-- verifyNavigateToProductDetail -->
  <testcase classname="swag.lab.tests.InventoryTests" name="verifyProductNamesUnique" time="0.0">
    <ignored/>
  </testcase> <!-- verifyProductNamesUnique -->
  <testcase classname="swag.lab.tests.InventoryTests" name="verifyProductNavigation" time="0.0">
    <ignored/>
  </testcase> <!-- verifyProductNavigation -->
  <testcase classname="swag.lab.tests.CheckoutOverviewTest" name="verifyEmptyDescription" time="0.0">
    <ignored/>
  </testcase> <!-- verifyEmptyDescription -->
  <testcase classname="swag.lab.tests.PerformanceTest" name="verifyInventoryPageLoadTime" time="0.0">
    <ignored/>
  </testcase> <!-- verifyInventoryPageLoadTime -->
  <testcase classname="swag.lab.tests.CheckoutOverviewTest" name="verifyItemQuantityNotEmpty" time="0.0">
    <ignored/>
  </testcase> <!-- verifyItemQuantityNotEmpty -->
  <testcase classname="swag.lab.tests.InventoryTests" name="verifyButtonTogglesBackToAddToCart" time="0.0">
    <ignored/>
  </testcase> <!-- verifyButtonTogglesBackToAddToCart -->
  <testcase classname="swag.lab.tests.CheckoutOverviewTest" name="verifyItemPriceNotEmpty" time="0.0">
    <ignored/>
  </testcase> <!-- verifyItemPriceNotEmpty -->
  <testcase classname="swag.lab.tests.CheckOutInformationTest" name="verifyPostalCodeFieldDisplayed" time="0.0">
    <ignored/>
  </testcase> <!-- verifyPostalCodeFieldDisplayed -->
  <testcase classname="swag.lab.tests.CheckOutInformationTest" name="verifyFirstNameFiledEmpty" time="0.0">
    <ignored/>
  </testcase> <!-- verifyFirstNameFiledEmpty -->
  <testcase classname="swag.lab.tests.CheckOutInformationTest" name="verifyLastNameFiledEmptyErrorMag" time="0.0">
    <ignored/>
  </testcase> <!-- verifyLastNameFiledEmptyErrorMag -->
  <testcase classname="swag.lab.tests.CheckOutInformationTest" name="verifyClickCheckoutButton" time="0.0">
    <ignored/>
  </testcase> <!-- verifyClickCheckoutButton -->
  <testcase classname="swag.lab.tests.PerformanceTest" name="verifyAddUnderSlowNetwork" time="0.0">
    <ignored/>
  </testcase> <!-- verifyAddUnderSlowNetwork -->
  <testcase classname="swag.lab.tests.InventoryTests" name="VerifyUserLoginAndLandToInventoryPage" time="0.0">
    <ignored/>
  </testcase> <!-- VerifyUserLoginAndLandToInventoryPage -->
  <testcase classname="swag.lab.base.BaseClass" name="@AfterSuite tearDown" time="0.0">
    <ignored/>
  </testcase> <!-- @AfterSuite tearDown -->
  <testcase classname="swag.lab.tests.CartTest" name="verifyRemoveMultipleItems" time="0.0">
    <ignored/>
  </testcase> <!-- verifyRemoveMultipleItems -->
  <testcase classname="swag.lab.tests.InventoryTests" name="verifyRemoveProductUpdatesCartCount" time="0.0">
    <ignored/>
  </testcase> <!-- verifyRemoveProductUpdatesCartCount -->
  <testcase classname="swag.lab.tests.CheckOutInformationTest" name="verifyFirstNameFieldDisplayed" time="0.0">
    <ignored/>
  </testcase> <!-- verifyFirstNameFieldDisplayed -->
  <testcase classname="swag.lab.tests.CheckoutOverviewTest" name="verifyItemsQuantityDisplayed" time="0.0">
    <ignored/>
  </testcase> <!-- verifyItemsQuantityDisplayed -->
  <testcase classname="swag.lab.tests.InventoryTests" name="removeNonExistingItem" time="0.0">
    <ignored/>
  </testcase> <!-- removeNonExistingItem -->
  <testcase classname="swag.lab.tests.InventoryTests" name="verifyCartPersistence" time="0.0">
    <ignored/>
  </testcase> <!-- verifyCartPersistence -->
</testsuite> <!-- Surefire test -->
