<?xml version="1.0" encoding="UTF-8"?>
<!-- Generated by org.testng.reporters.JUnitXMLReporter -->
<testsuite ignored="22" hostname="Zmsi" failures="0" tests="1" name="Default test" time="3.757" errors="0" timestamp="2026-03-28T17:07:41 IST">
  <testcase classname="swag.lab.tests.InventoryTests" name="verifyAllProductsDisplayed" time="0.038"/>
  <testcase classname="swag.lab.tests.InventoryTests" name="VerifyUserLoginAndLandToInventoryPage" time="0.0">
    <ignored/>
  </testcase> <!-- VerifyUserLoginAndLandToInventoryPage -->
  <testcase classname="swag.lab.tests.InventoryTests" name="VerifyCartIconIsVisible" time="0.0">
    <ignored/>
  </testcase> <!-- VerifyCartIconIsVisible -->
  <testcase classname="swag.lab.tests.InventoryTests" name="verifySortNameAscending" time="0.0">
    <ignored/>
  </testcase> <!-- verifySortNameAscending -->
  <testcase classname="swag.lab.tests.InventoryTests" name="verifyRemoveProductUpdatesCartCount" time="0.0">
    <ignored/>
  </testcase> <!-- verifyRemoveProductUpdatesCartCount -->
  <testcase classname="swag.lab.tests.InventoryTests" name="verifyMenuOptions" time="0.0">
    <ignored/>
  </testcase> <!-- verifyMenuOptions -->
  <testcase classname="swag.lab.tests.InventoryTests" name="VerifyProductListIsDisplayed" time="0.0">
    <ignored/>
  </testcase> <!-- VerifyProductListIsDisplayed -->
  <testcase classname="swag.lab.tests.InventoryTests" name="verifyMultipleProductsAddToCart" time="0.0">
    <ignored/>
  </testcase> <!-- verifyMultipleProductsAddToCart -->
  <testcase classname="swag.lab.tests.InventoryTests" name="VerifyHamburgerMenuIsVisible" time="0.0">
    <ignored/>
  </testcase> <!-- VerifyHamburgerMenuIsVisible -->
  <testcase classname="swag.lab.tests.InventoryTests" name="verifyPageTitle" time="0.0">
    <ignored/>
  </testcase> <!-- verifyPageTitle -->
  <testcase classname="swag.lab.tests.InventoryTests" name="verifySingleProductAddToCart" time="0.0">
    <ignored/>
  </testcase> <!-- verifySingleProductAddToCart -->
  <testcase classname="swag.lab.tests.InventoryTests" name="verifyProductPricesValid" time="0.0">
    <ignored/>
  </testcase> <!-- verifyProductPricesValid -->
  <testcase classname="swag.lab.tests.InventoryTests" name="verifySortNameDescending" time="0.0">
    <ignored/>
  </testcase> <!-- verifySortNameDescending -->
  <testcase classname="swag.lab.tests.InventoryTests" name="verifyCartPersistenceAfterRefresh" time="0.0">
    <ignored/>
  </testcase> <!-- verifyCartPersistenceAfterRefresh -->
  <testcase classname="swag.lab.tests.InventoryTests" name="VerifyAllElementArePresent" time="0.0">
    <ignored/>
  </testcase> <!-- VerifyAllElementArePresent -->
  <testcase classname="swag.lab.tests.InventoryTests" name="verifyCartNavigation" time="0.0">
    <ignored/>
  </testcase> <!-- verifyCartNavigation -->
  <testcase classname="swag.lab.tests.InventoryTests" name="verifySortPriceLowToHigh" time="0.0">
    <ignored/>
  </testcase> <!-- verifySortPriceLowToHigh -->
  <testcase classname="swag.lab.tests.InventoryTests" name="verifyProductNamesUnique" time="0.0">
    <ignored/>
  </testcase> <!-- verifyProductNamesUnique -->
  <testcase classname="swag.lab.tests.InventoryTests" name="verifySortPriceHighToLow" time="0.0">
    <ignored/>
  </testcase> <!-- verifySortPriceHighToLow -->
  <testcase classname="swag.lab.tests.InventoryTests" name="verifyProductNavigation" time="0.0">
    <ignored/>
  </testcase> <!-- verifyProductNavigation -->
  <testcase classname="swag.lab.tests.InventoryTests" name="verifyCartPersistence" time="0.0">
    <ignored/>
  </testcase> <!-- verifyCartPersistence -->
  <testcase classname="swag.lab.tests.InventoryTests" name="verifyProductImagesNotBroken" time="0.0">
    <ignored/>
  </testcase> <!-- verifyProductImagesNotBroken -->
  <testcase classname="swag.lab.tests.InventoryTests" name="verifyButtonTogglesBackToAddToCart" time="0.0">
    <ignored/>
  </testcase> <!-- verifyButtonTogglesBackToAddToCart -->
</testsuite> <!-- Default test -->
