<?xml version="1.0" encoding="UTF-8"?>
<!-- Generated by org.testng.reporters.JUnitXMLReporter -->
<testsuite ignored="31" hostname="Zmsi" failures="0" tests="1" name="Parameter Test" time="3.626" errors="0" timestamp="2026-04-12T17:17:51 IST">
  <testcase classname="swag.lab.tests.CheckoutOverviewTest" name="verifyDescriptionsNotEmpty" time="3.424"/>
  <testcase classname="swag.lab.tests.CheckoutOverviewTest" name="verifyOverviewPageLoaded" time="0.0">
    <ignored/>
  </testcase> <!-- verifyOverviewPageLoaded -->
  <testcase classname="swag.lab.tests.CheckoutOverviewTest" name="verifyHighPriceItems" time="0.0">
    <ignored/>
  </testcase> <!-- verifyHighPriceItems -->
  <testcase classname="swag.lab.tests.CheckoutOverviewTest" name="verifySingleItemQuantity" time="0.0">
    <ignored/>
  </testcase> <!-- verifySingleItemQuantity -->
  <testcase classname="swag.lab.tests.CheckoutOverviewTest" name="verifyTotalCalculation" time="0.0">
    <ignored/>
  </testcase> <!-- verifyTotalCalculation -->
  <testcase classname="swag.lab.tests.CheckoutOverviewTest" name="verifyInvalidTax" time="0.0">
    <ignored/>
  </testcase> <!-- verifyInvalidTax -->
  <testcase classname="swag.lab.tests.CheckoutOverviewTest" name="verifyTotalMismatch" time="0.0">
    <ignored/>
  </testcase> <!-- verifyTotalMismatch -->
  <testcase classname="swag.lab.tests.CheckoutOverviewTest" name="verifyPriceDisplayed" time="0.0">
    <ignored/>
  </testcase> <!-- verifyPriceDisplayed -->
  <testcase classname="swag.lab.tests.CheckoutOverviewTest" name="verifyInvalidSubtotal" time="0.0">
    <ignored/>
  </testcase> <!-- verifyInvalidSubtotal -->
  <testcase classname="swag.lab.tests.CheckoutOverviewTest" name="verifyFinishButton" time="0.0">
    <ignored/>
  </testcase> <!-- verifyFinishButton -->
  <testcase classname="swag.lab.tests.CheckoutOverviewTest" name="verifyItemDescriptionDisplayed" time="0.0">
    <ignored/>
  </testcase> <!-- verifyItemDescriptionDisplayed -->
  <testcase classname="swag.lab.tests.CheckoutOverviewTest" name="verifyItemQuantityNotEmpty" time="0.0">
    <ignored/>
  </testcase> <!-- verifyItemQuantityNotEmpty -->
  <testcase classname="swag.lab.tests.CheckoutOverviewTest" name="verifyLargeNumberOfItems" time="0.0">
    <ignored/>
  </testcase> <!-- verifyLargeNumberOfItems -->
  <testcase classname="swag.lab.tests.CheckoutOverviewTest" name="verifyEmptyDescription" time="0.0">
    <ignored/>
  </testcase> <!-- verifyEmptyDescription -->
  <testcase classname="swag.lab.tests.CheckoutOverviewTest" name="verifyMultipleItemsDisplayed" time="0.0">
    <ignored/>
  </testcase> <!-- verifyMultipleItemsDisplayed -->
  <testcase classname="swag.lab.tests.CheckoutOverviewTest" name="verifyItemNameNotEmpty" time="0.0">
    <ignored/>
  </testcase> <!-- verifyItemNameNotEmpty -->
  <testcase classname="swag.lab.tests.CheckoutOverviewTest" name="verifyPriceDisplayedUsingParameter" time="0.0">
    <ignored/>
  </testcase> <!-- verifyPriceDisplayedUsingParameter -->
  <testcase classname="swag.lab.tests.CheckoutOverviewTest" name="verifyQuantityNotZero" time="0.0">
    <ignored/>
  </testcase> <!-- verifyQuantityNotZero -->
  <testcase classname="swag.lab.tests.CheckoutOverviewTest" name="verifyItemsDisplayed" time="0.0">
    <ignored/>
  </testcase> <!-- verifyItemsDisplayed -->
  <testcase classname="swag.lab.tests.CheckoutOverviewTest" name="verifyPriceDisplayedUsingDataProvider" time="0.0">
    <ignored/>
  </testcase> <!-- verifyPriceDisplayedUsingDataProvider -->
  <testcase classname="swag.lab.tests.CheckoutOverviewTest" name="verifyCancelButton" time="0.0">
    <ignored/>
  </testcase> <!-- verifyCancelButton -->
  <testcase classname="swag.lab.tests.CheckoutOverviewTest" name="verifyItemCountMatchesCart" time="0.0">
    <ignored/>
  </testcase> <!-- verifyItemCountMatchesCart -->
  <testcase classname="swag.lab.tests.CheckoutOverviewTest" name="verifyQuantityDisplayed" time="0.0">
    <ignored/>
  </testcase> <!-- verifyQuantityDisplayed -->
  <testcase classname="swag.lab.tests.CheckoutOverviewTest" name="verifyDecimalPriceCalculation" time="0.0">
    <ignored/>
  </testcase> <!-- verifyDecimalPriceCalculation -->
  <testcase classname="swag.lab.tests.CheckoutOverviewTest" name="verifyQuantityNumeric" time="0.0">
    <ignored/>
  </testcase> <!-- verifyQuantityNumeric -->
  <testcase classname="swag.lab.tests.CheckoutOverviewTest" name="verifyItemPriceDisplayed" time="0.0">
    <ignored/>
  </testcase> <!-- verifyItemPriceDisplayed -->
  <testcase classname="swag.lab.tests.CheckoutOverviewTest" name="verifyMultipleItemQuantity" time="0.0">
    <ignored/>
  </testcase> <!-- verifyMultipleItemQuantity -->
  <testcase classname="swag.lab.tests.CheckoutOverviewTest" name="verifyTotalCalculationValueCorrect" time="0.0">
    <ignored/>
  </testcase> <!-- verifyTotalCalculationValueCorrect -->
  <testcase classname="swag.lab.tests.CheckoutOverviewTest" name="verifyItemsQuantityDisplayed" time="0.0">
    <ignored/>
  </testcase> <!-- verifyItemsQuantityDisplayed -->
  <testcase classname="swag.lab.tests.CheckoutOverviewTest" name="verifyItemPriceNotEmpty" time="0.0">
    <ignored/>
  </testcase> <!-- verifyItemPriceNotEmpty -->
  <testcase classname="swag.lab.tests.CheckoutOverviewTest" name="verifyFinishWithoutItems" time="0.0">
    <ignored/>
  </testcase> <!-- verifyFinishWithoutItems -->
  <testcase classname="swag.lab.tests.CheckoutOverviewTest" name="verifyItemNameDisplayed" time="0.0">
    <ignored/>
  </testcase> <!-- verifyItemNameDisplayed -->
</testsuite> <!-- Parameter Test -->
