<?xml version="1.0" encoding="UTF-8"?>
<!-- Generated by org.testng.reporters.JUnitXMLReporter -->
<testsuite ignored="5" hostname="Zmsi" failures="0" tests="9" name="Parameter Test" time="66.558" errors="0" timestamp="2026-04-11T16:45:15 IST">
  <testcase classname="swag.lab.tests.OrderPlacedTest" name="verifyCheckoutCompletePage" time="6.996"/>
  <testcase classname="swag.lab.tests.OrderPlacedTest" name="verifyCheckoutCompletePage" time="6.035"/>
  <testcase classname="swag.lab.tests.OrderPlacedTest" name="verifyCheckoutCompletePage" time="4.854"/>
  <testcase classname="swag.lab.tests.OrderPlacedTest" name="verifyCheckoutCompletePage" time="2.559">
    <skipped/>
  </testcase> <!-- verifyCheckoutCompletePage -->
  <testcase classname="swag.lab.tests.OrderPlacedTest" name="verifyCheckoutCompletePage" time="7.41"/>
  <testcase classname="swag.lab.tests.OrderPlacedTest" name="verifyCheckoutCompletePage" time="5.763"/>
  <testcase classname="swag.lab.tests.OrderPlacedTest" name="verifyCheckoutCompletePage" time="11.056"/>
  <testcase classname="swag.lab.tests.OrderPlacedTest" name="verifyCheckoutCompletePage" time="7.499"/>
  <testcase classname="swag.lab.tests.OrderPlacedTest" name="verifyCheckoutCompletePage" time="14.255"/>
  <testcase classname="swag.lab.tests.OrderPlacedTest" name="verifyUserStillLoggedIn" time="0.0">
    <ignored/>
  </testcase> <!-- verifyUserStillLoggedIn -->
  <testcase classname="swag.lab.tests.OrderPlacedTest" name="verifyPriceDisplayedUsingParameter" time="0.0">
    <ignored/>
  </testcase> <!-- verifyPriceDisplayedUsingParameter -->
  <testcase classname="swag.lab.tests.OrderPlacedTest" name="verifyDispatchMessage" time="0.0">
    <ignored/>
  </testcase> <!-- verifyDispatchMessage -->
  <testcase classname="swag.lab.tests.OrderPlacedTest" name="verifyBackHomeButtonNavigation" time="0.0">
    <ignored/>
  </testcase> <!-- verifyBackHomeButtonNavigation -->
  <testcase classname="swag.lab.tests.OrderPlacedTest" name="verifyThankYouMessage" time="0.0">
    <ignored/>
  </testcase> <!-- verifyThankYouMessage -->
</testsuite> <!-- Parameter Test -->
