<?xml version="1.0" encoding="UTF-8"?>
<!-- Generated by org.testng.reporters.JUnitXMLReporter -->
<testsuite ignored="3" hostname="Zmsi" failures="0" tests="1" name="Submit Order Test" time="5.319" errors="0" timestamp="2026-04-12T15:49:09 IST">
  <testcase classname="swag.lab.tests.LoginTest" name="invalidLoginPasswordRequired" time="0.979"/>
  <testcase classname="swag.lab.tests.LoginTest" name="validLogin" time="0.0">
    <ignored/>
  </testcase> <!-- validLogin -->
  <testcase classname="swag.lab.tests.LoginTest" name="invalidLoginWhenUsernameAndPawordNotMatch" time="0.0">
    <ignored/>
  </testcase> <!-- invalidLoginWhenUsernameAndPawordNotMatch -->
  <testcase classname="swag.lab.tests.LoginTest" name="invalidLoginUsernameRequired" time="0.0">
    <ignored/>
  </testcase> <!-- invalidLoginUsernameRequired -->
</testsuite> <!-- Submit Order Test -->
