<?xml version="1.0" encoding="UTF-8"?>
<!-- Generated by org.testng.reporters.JUnitXMLReporter -->
<testsuite ignored="20" hostname="Zmsi" failures="2" tests="9" name="Submit Order Test" time="10.424" errors="0" timestamp="2026-04-12T17:33:43 IST">
  <testcase classname="swag.lab.tests.InventoryTests" name="VerifyAllElementArePresent" time="1.059"/>
  <testcase classname="swag.lab.tests.InventoryTests" name="VerifyCartIconIsVisible" time="0.063"/>
  <testcase classname="swag.lab.tests.InventoryTests" name="VerifyHamburgerMenuIsVisible" time="0.097"/>
  <testcase classname="swag.lab.tests.InventoryTests" name="rapidRemoveClicks" time="1.012">
    <failure type="java.lang.AssertionError" message="expected [0] but found [1]">
      <![CDATA[java.lang.AssertionError: expected [0] but found [1]
at swag.lab.tests.InventoryTests.rapidRemoveClicks(InventoryTests.java:224)
at java.base/java.util.ArrayList.forEach(ArrayList.java:1511)
... Removed 34 stack frames]]>
    </failure>
  </testcase> <!-- rapidRemoveClicks -->
  <testcase classname="swag.lab.tests.InventoryTests" name="verifyAllProductsDisplayed" time="0.019"/>
  <testcase classname="swag.lab.tests.InventoryTests" name="verifyCartPersistenceAfterRefresh" time="0.344"/>
  <testcase classname="swag.lab.tests.InventoryTests" name="verifyMultipleProductsAddToCart" time="0.365">
    <failure type="java.lang.AssertionError" message="expected [3] but found [1]">
      <![CDATA[java.lang.AssertionError: expected [3] but found [1]
at swag.lab.tests.InventoryTests.verifyMultipleProductsAddToCart(InventoryTests.java:159)
at java.base/java.util.ArrayList.forEach(ArrayList.java:1511)
... Removed 34 stack frames]]>
    </failure>
  </testcase> <!-- verifyMultipleProductsAddToCart -->
  <testcase classname="swag.lab.tests.InventoryTests" name="verifyPageTitle" time="0.079"/>
  <testcase classname="swag.lab.tests.InventoryTests" name="verifySingleProductAddToCart" time="0.189"/>
  <testcase classname="swag.lab.tests.InventoryTests" name="verifySingleInstanceInCart" time="0.0">
    <ignored/>
  </testcase> <!-- verifySingleInstanceInCart -->
  <testcase classname="swag.lab.tests.InventoryTests" name="verifyRemoveProductUpdatesCartCount" time="0.0">
    <ignored/>
  </testcase> <!-- verifyRemoveProductUpdatesCartCount -->
  <testcase classname="swag.lab.tests.InventoryTests" name="verifyMenuOptions" time="0.0">
    <ignored/>
  </testcase> <!-- verifyMenuOptions -->
  <testcase classname="swag.lab.tests.InventoryTests" name="verifyProductNamesUnique" time="0.0">
    <ignored/>
  </testcase> <!-- verifyProductNamesUnique -->
  <testcase classname="swag.lab.tests.InventoryTests" name="verifySortNameAscending" time="0.0">
    <ignored/>
  </testcase> <!-- verifySortNameAscending -->
  <testcase classname="swag.lab.tests.InventoryTests" name="verifyLongProductNames" time="0.0">
    <ignored/>
  </testcase> <!-- verifyLongProductNames -->
  <testcase classname="swag.lab.tests.InventoryTests" name="verifyCartPersistence" time="0.0">
    <ignored/>
  </testcase> <!-- verifyCartPersistence -->
  <testcase classname="swag.lab.tests.InventoryTests" name="verifyButtonTogglesBackToAddToCart" time="0.0">
    <ignored/>
  </testcase> <!-- verifyButtonTogglesBackToAddToCart -->
  <testcase classname="swag.lab.tests.InventoryTests" name="removeNonExistingItem" time="0.0">
    <ignored/>
  </testcase> <!-- removeNonExistingItem -->
  <testcase classname="swag.lab.tests.InventoryTests" name="verifyNoBrokenImages" time="0.0">
    <ignored/>
  </testcase> <!-- verifyNoBrokenImages -->
  <testcase classname="swag.lab.tests.InventoryTests" name="VerifyUserLoginAndLandToInventoryPage" time="0.0">
    <ignored/>
  </testcase> <!-- VerifyUserLoginAndLandToInventoryPage -->
  <testcase classname="swag.lab.tests.InventoryTests" name="verifySortNameDescending" time="0.0">
    <ignored/>
  </testcase> <!-- verifySortNameDescending -->
  <testcase classname="swag.lab.tests.InventoryTests" name="verifySortPriceHighToLow" time="0.0">
    <ignored/>
  </testcase> <!-- verifySortPriceHighToLow -->
  <testcase classname="swag.lab.tests.InventoryTests" name="verifyProductImagesNotBroken" time="0.0">
    <ignored/>
  </testcase> <!-- verifyProductImagesNotBroken -->
  <testcase classname="swag.lab.tests.InventoryTests" name="verifySortPriceLowToHigh" time="0.0">
    <ignored/>
  </testcase> <!-- verifySortPriceLowToHigh -->
  <testcase classname="swag.lab.tests.InventoryTests" name="VerifyProductListIsDisplayed" time="0.0">
    <ignored/>
  </testcase> <!-- VerifyProductListIsDisplayed -->
  <testcase classname="swag.lab.tests.InventoryTests" name="verifyProductNavigation" time="0.0">
    <ignored/>
  </testcase> <!-- verifyProductNavigation -->
  <testcase classname="swag.lab.tests.InventoryTests" name="verifyRapidAddClicks" time="0.0">
    <ignored/>
  </testcase> <!-- verifyRapidAddClicks -->
  <testcase classname="swag.lab.tests.InventoryTests" name="verifyProductPricesValid" time="0.0">
    <ignored/>
  </testcase> <!-- verifyProductPricesValid -->
  <testcase classname="swag.lab.tests.InventoryTests" name="verifyCartNavigation" time="0.0">
    <ignored/>
  </testcase> <!-- verifyCartNavigation -->
</testsuite> <!-- Submit Order Test -->
