<?xml version="1.0" encoding="UTF-8"?>
<!-- Generated by org.testng.reporters.JUnitReportReporter -->
<testsuite hostname="Zmsi" failures="0" tests="29" name="swag.lab.tests.InventoryTests" time="11.115" errors="0" timestamp="2026-04-04T15:14:40 IST" skipped="28">
  <testcase classname="swag.lab.tests.InventoryTests" name="rapidRemoveClicks" time="11.115"/>
  <testcase classname="swag.lab.tests.InventoryTests" name="verifyAllProductsDisplayed">
    <skipped/>
  </testcase> <!-- verifyAllProductsDisplayed -->
  <testcase classname="swag.lab.tests.InventoryTests" name="verifyLongProductNames">
    <skipped/>
  </testcase> <!-- verifyLongProductNames -->
  <testcase classname="swag.lab.tests.InventoryTests" name="VerifyCartIconIsVisible">
    <skipped/>
  </testcase> <!-- VerifyCartIconIsVisible -->
  <testcase classname="swag.lab.tests.InventoryTests" name="verifyMenuOptions">
    <skipped/>
  </testcase> <!-- verifyMenuOptions -->
  <testcase classname="swag.lab.tests.InventoryTests" name="VerifyHamburgerMenuIsVisible">
    <skipped/>
  </testcase> <!-- VerifyHamburgerMenuIsVisible -->
  <testcase classname="swag.lab.tests.InventoryTests" name="verifySingleInstanceInCart">
    <skipped/>
  </testcase> <!-- verifySingleInstanceInCart -->
  <testcase classname="swag.lab.tests.InventoryTests" name="verifySortPriceLowToHigh">
    <skipped/>
  </testcase> <!-- verifySortPriceLowToHigh -->
  <testcase classname="swag.lab.tests.InventoryTests" name="verifyPageTitle">
    <skipped/>
  </testcase> <!-- verifyPageTitle -->
  <testcase classname="swag.lab.tests.InventoryTests" name="VerifyProductListIsDisplayed">
    <skipped/>
  </testcase> <!-- VerifyProductListIsDisplayed -->
  <testcase classname="swag.lab.tests.InventoryTests" name="verifyProductPricesValid">
    <skipped/>
  </testcase> <!-- verifyProductPricesValid -->
  <testcase classname="swag.lab.tests.InventoryTests" name="verifySortNameDescending">
    <skipped/>
  </testcase> <!-- verifySortNameDescending -->
  <testcase classname="swag.lab.tests.InventoryTests" name="removeNonExistingItem">
    <skipped/>
  </testcase> <!-- removeNonExistingItem -->
  <testcase classname="swag.lab.tests.InventoryTests" name="verifyNoBrokenImages">
    <skipped/>
  </testcase> <!-- verifyNoBrokenImages -->
  <testcase classname="swag.lab.tests.InventoryTests" name="verifyMultipleProductsAddToCart">
    <skipped/>
  </testcase> <!-- verifyMultipleProductsAddToCart -->
  <testcase classname="swag.lab.tests.InventoryTests" name="verifySortPriceHighToLow">
    <skipped/>
  </testcase> <!-- verifySortPriceHighToLow -->
  <testcase classname="swag.lab.tests.InventoryTests" name="verifyRapidAddClicks">
    <skipped/>
  </testcase> <!-- verifyRapidAddClicks -->
  <testcase classname="swag.lab.tests.InventoryTests" name="verifyCartPersistence">
    <skipped/>
  </testcase> <!-- verifyCartPersistence -->
  <testcase classname="swag.lab.tests.InventoryTests" name="verifyProductImagesNotBroken">
    <skipped/>
  </testcase> <!-- verifyProductImagesNotBroken -->
  <testcase classname="swag.lab.tests.InventoryTests" name="verifySortNameAscending">
    <skipped/>
  </testcase> <!-- verifySortNameAscending -->
  <testcase classname="swag.lab.tests.InventoryTests" name="VerifyUserLoginAndLandToInventoryPage">
    <skipped/>
  </testcase> <!-- VerifyUserLoginAndLandToInventoryPage -->
  <testcase classname="swag.lab.tests.InventoryTests" name="verifyRemoveProductUpdatesCartCount">
    <skipped/>
  </testcase> <!-- verifyRemoveProductUpdatesCartCount -->
  <testcase classname="swag.lab.tests.InventoryTests" name="verifySingleProductAddToCart">
    <skipped/>
  </testcase> <!-- verifySingleProductAddToCart -->
  <testcase classname="swag.lab.tests.InventoryTests" name="verifyCartNavigation">
    <skipped/>
  </testcase> <!-- verifyCartNavigation -->
  <testcase classname="swag.lab.tests.InventoryTests" name="verifyCartPersistenceAfterRefresh">
    <skipped/>
  </testcase> <!-- verifyCartPersistenceAfterRefresh -->
  <testcase classname="swag.lab.tests.InventoryTests" name="VerifyAllElementArePresent">
    <skipped/>
  </testcase> <!-- VerifyAllElementArePresent -->
  <testcase classname="swag.lab.tests.InventoryTests" name="verifyProductNamesUnique">
    <skipped/>
  </testcase> <!-- verifyProductNamesUnique -->
  <testcase classname="swag.lab.tests.InventoryTests" name="verifyProductNavigation">
    <skipped/>
  </testcase> <!-- verifyProductNavigation -->
  <testcase classname="swag.lab.tests.InventoryTests" name="verifyButtonTogglesBackToAddToCart">
    <skipped/>
  </testcase> <!-- verifyButtonTogglesBackToAddToCart -->
</testsuite> <!-- swag.lab.tests.InventoryTests -->
