<?xml version="1.0" encoding="UTF-8"?>
<!-- Generated by org.testng.reporters.JUnitReportReporter -->
<testsuite hostname="Zmsi" failures="0" tests="20" name="swag.lab.tests.CartTest" time="0.614" errors="0" timestamp="2026-04-01T19:23:56 IST" skipped="19">
  <testcase classname="swag.lab.tests.CartTest" name="verifyProductDetailsLink" time="0.614"/>
  <testcase classname="swag.lab.tests.CartTest" name="verifyNavigateToProductDetail">
    <skipped/>
  </testcase> <!-- verifyNavigateToProductDetail -->
  <testcase classname="swag.lab.tests.CartTest" name="verifyCartNotEmpty">
    <skipped/>
  </testcase> <!-- verifyCartNotEmpty -->
  <testcase classname="swag.lab.tests.CartTest" name="verifyProductQuantityDisplayed">
    <skipped/>
  </testcase> <!-- verifyProductQuantityDisplayed -->
  <testcase classname="swag.lab.tests.CartTest" name="verifyProductPriceDisplayed">
    <skipped/>
  </testcase> <!-- verifyProductPriceDisplayed -->
  <testcase classname="swag.lab.tests.CartTest" name="verifyRemoveAllItems">
    <skipped/>
  </testcase> <!-- verifyRemoveAllItems -->
  <testcase classname="swag.lab.tests.CartTest" name="verifyCheckoutNavigation">
    <skipped/>
  </testcase> <!-- verifyCheckoutNavigation -->
  <testcase classname="swag.lab.tests.CartTest" name="verifyContinueShoppingButton">
    <skipped/>
  </testcase> <!-- verifyContinueShoppingButton -->
  <testcase classname="swag.lab.tests.CartTest" name="verifyRemoveSingleItem">
    <skipped/>
  </testcase> <!-- verifyRemoveSingleItem -->
  <testcase classname="swag.lab.tests.CartTest" name="verifyBackButtonNavigation">
    <skipped/>
  </testcase> <!-- verifyBackButtonNavigation -->
  <testcase classname="swag.lab.tests.CartTest" name="verifyCartItemsDisplayed">
    <skipped/>
  </testcase> <!-- verifyCartItemsDisplayed -->
  <testcase classname="swag.lab.tests.CartTest" name="verifyRemoveButtonPresent">
    <skipped/>
  </testcase> <!-- verifyRemoveButtonPresent -->
  <testcase classname="swag.lab.tests.CartTest" name="verifyProductNameDisplayed">
    <skipped/>
  </testcase> <!-- verifyProductNameDisplayed -->
  <testcase classname="swag.lab.tests.CartTest" name="verifyRemoveMultipleItems">
    <skipped/>
  </testcase> <!-- verifyRemoveMultipleItems -->
  <testcase classname="swag.lab.tests.CartTest" name="verifyCartPageLoaded">
    <skipped/>
  </testcase> <!-- verifyCartPageLoaded -->
  <testcase classname="swag.lab.tests.CartTest" name="verifyCartPersistenceAfterRefresh">
    <skipped/>
  </testcase> <!-- verifyCartPersistenceAfterRefresh -->
  <testcase classname="swag.lab.tests.CartTest" name="verifyMultipleProductsPresent">
    <skipped/>
  </testcase> <!-- verifyMultipleProductsPresent -->
  <testcase classname="swag.lab.tests.CartTest" name="verifyCheckoutButton">
    <skipped/>
  </testcase> <!-- verifyCheckoutButton -->
  <testcase classname="swag.lab.tests.CartTest" name="verifyProductDescriptionDisplayed">
    <skipped/>
  </testcase> <!-- verifyProductDescriptionDisplayed -->
  <testcase classname="swag.lab.tests.CartTest" name="verifyContinueShoppingNavigation">
    <skipped/>
  </testcase> <!-- verifyContinueShoppingNavigation -->
</testsuite> <!-- swag.lab.tests.CartTest -->
