<?xml version="1.0" encoding="UTF-8"?>
<!-- Generated by org.testng.reporters.JUnitReportReporter -->
<testsuite hostname="Zmsi" failures="0" tests="13" name="swag.lab.tests.OrderPlacedTest" time="30.065" errors="0" timestamp="2026-04-12T17:00:52 IST" skipped="5">
  <testcase classname="swag.lab.tests.OrderPlacedTest" name="verifyCheckoutCompletePage" time="5.016"/>
  <testcase classname="swag.lab.tests.OrderPlacedTest" name="verifyCheckoutCompletePage" time="3.826"/>
  <testcase classname="swag.lab.tests.OrderPlacedTest" name="verifyCheckoutCompletePage" time="3.171"/>
  <testcase classname="swag.lab.tests.OrderPlacedTest" name="verifyCheckoutCompletePage" time="3.436"/>
  <testcase classname="swag.lab.tests.OrderPlacedTest" name="verifyCheckoutCompletePage" time="4.695"/>
  <testcase classname="swag.lab.tests.OrderPlacedTest" name="verifyCheckoutCompletePage" time="3.632"/>
  <testcase classname="swag.lab.tests.OrderPlacedTest" name="verifyCheckoutCompletePage" time="3.233"/>
  <testcase classname="swag.lab.tests.OrderPlacedTest" name="verifyCheckoutCompletePage" time="3.056"/>
  <testcase classname="swag.lab.tests.OrderPlacedTest" name="verifyUserStillLoggedIn">
    <skipped/>
  </testcase> <!-- verifyUserStillLoggedIn -->
  <testcase classname="swag.lab.tests.OrderPlacedTest" name="verifyBackHomeButtonNavigation">
    <skipped/>
  </testcase> <!-- verifyBackHomeButtonNavigation -->
  <testcase classname="swag.lab.tests.OrderPlacedTest" name="verifyThankYouMessage">
    <skipped/>
  </testcase> <!-- verifyThankYouMessage -->
  <testcase classname="swag.lab.tests.OrderPlacedTest" name="verifyDispatchMessage">
    <skipped/>
  </testcase> <!-- verifyDispatchMessage -->
  <testcase classname="swag.lab.tests.OrderPlacedTest" name="verifyPriceDisplayedUsingParameter">
    <skipped/>
  </testcase> <!-- verifyPriceDisplayedUsingParameter -->
</testsuite> <!-- swag.lab.tests.OrderPlacedTest -->
