<?xml version="1.0" encoding="UTF-8"?>
<!-- Generated by org.testng.reporters.JUnitReportReporter -->
<testsuite hostname="Zmsi" failures="0" tests="7" name="swag.lab.tests.PerformanceTest" time="0.272" errors="0" timestamp="2026-04-04T14:36:26 IST" skipped="5">
  <testcase classname="swag.lab.tests.PerformanceTest" name="verifyXSS" time="0.176"/>
  <testcase classname="swag.lab.tests.PerformanceTest" name="verifyCartPageLoadTime" time="0.096"/>
  <testcase classname="swag.lab.tests.PerformanceTest" name="verifyInventoryPageLoadTime">
    <skipped/>
  </testcase> <!-- verifyInventoryPageLoadTime -->
  <testcase classname="swag.lab.tests.PerformanceTest" name="verifyAddUnderSlowNetwork">
    <skipped/>
  </testcase> <!-- verifyAddUnderSlowNetwork -->
  <testcase classname="swag.lab.tests.PerformanceTest" name="accessWithoutLogin">
    <skipped/>
  </testcase> <!-- accessWithoutLogin -->
  <testcase classname="swag.lab.tests.PerformanceTest" name="verifyResponsiveLayout">
    <skipped/>
  </testcase> <!-- verifyResponsiveLayout -->
  <testcase classname="swag.lab.tests.PerformanceTest" name="verifySessionTimeout">
    <skipped/>
  </testcase> <!-- verifySessionTimeout -->
</testsuite> <!-- swag.lab.tests.PerformanceTest -->
