<?xml version="1.0" encoding="UTF-8"?>
<!-- Generated by org.testng.reporters.JUnitReportReporter -->
<testsuite hostname="Zmsi" failures="0" tests="16" name="runners.TestNGRunner" time="109.199" errors="0" timestamp="2026-05-21T20:05:08 IST" skipped="0">
  <testcase classname="runners.TestNGRunner" name="runScenario" time="4.297"/>
  <testcase classname="runners.TestNGRunner" name="runScenario" time="4.205"/>
  <testcase classname="runners.TestNGRunner" name="runScenario" time="4.399"/>
  <testcase classname="runners.TestNGRunner" name="runScenario" time="4.560"/>
  <testcase classname="runners.TestNGRunner" name="runScenario" time="7.848"/>
  <testcase classname="runners.TestNGRunner" name="runScenario" time="4.203"/>
  <testcase classname="runners.TestNGRunner" name="runScenario" time="4.285"/>
  <testcase classname="runners.TestNGRunner" name="runScenario" time="14.953"/>
  <testcase classname="runners.TestNGRunner" name="runScenario" time="6.614"/>
  <testcase classname="runners.TestNGRunner" name="runScenario" time="14.851"/>
  <testcase classname="runners.TestNGRunner" name="runScenario" time="5.424"/>
  <testcase classname="runners.TestNGRunner" name="runScenario" time="14.767"/>
  <testcase classname="runners.TestNGRunner" name="runScenario" time="5.955"/>
  <testcase classname="runners.TestNGRunner" name="runScenario" time="4.373"/>
  <testcase classname="runners.TestNGRunner" name="runScenario" time="4.117"/>
  <testcase classname="runners.TestNGRunner" name="runScenario" time="4.348"/>
</testsuite> <!-- runners.TestNGRunner -->
