<?xml version="1.0" encoding="UTF-8"?>
<!-- Generated by org.testng.reporters.JUnitReportReporter -->
<testsuite hostname="Zmsi" failures="0" tests="3" name="swag.lab.tests.LogOutTest" time="10.545" errors="0" timestamp="2026-03-28T16:05:30 IST" skipped="2">
  <testcase classname="swag.lab.tests.LogOutTest" name="verifyCartResetAfterLogout" time="10.545"/>
  <testcase classname="swag.lab.tests.LogOutTest" name="verifyLogout">
    <skipped/>
  </testcase> <!-- verifyLogout -->
  <testcase classname="swag.lab.tests.LogOutTest" name="verifyUserLogout">
    <skipped/>
  </testcase> <!-- verifyUserLogout -->
</testsuite> <!-- swag.lab.tests.LogOutTest -->
