<?xml version="1.0" encoding="UTF-8"?>
<!-- Generated by org.testng.reporters.JUnitReportReporter -->
<testsuite hostname="Zmsi" failures="2" tests="29" name="swag.lab.tests.InventoryTests" time="3.227" errors="0" timestamp="2026-04-12T17:33:48 IST" skipped="20">
  <testcase classname="swag.lab.tests.InventoryTests" name="VerifyHamburgerMenuIsVisible" time="0.097"/>
  <testcase classname="swag.lab.tests.InventoryTests" name="verifyPageTitle" time="0.079"/>
  <testcase classname="swag.lab.tests.InventoryTests" name="VerifyAllElementArePresent" time="1.059"/>
  <testcase classname="swag.lab.tests.InventoryTests" name="VerifyCartIconIsVisible" time="0.063"/>
  <testcase classname="swag.lab.tests.InventoryTests" name="rapidRemoveClicks" time="1.012">
    <failure message="expected [0] but found [1]" type="java.lang.AssertionError">
      <![CDATA[java.lang.AssertionError: expected [0] but found [1]
at org.testng.Assert.fail(Assert.java:111)
at org.testng.Assert.failNotEquals(Assert.java:1590)
at org.testng.Assert.assertEqualsImpl(Assert.java:150)
at org.testng.Assert.assertEquals(Assert.java:132)
at org.testng.Assert.assertEquals(Assert.java:1431)
at org.testng.Assert.assertEquals(Assert.java:1395)
at org.testng.Assert.assertEquals(Assert.java:1441)
at swag.lab.tests.InventoryTests.rapidRemoveClicks(InventoryTests.java:224)
at java.base/jdk.internal.reflect.NativeMethodAccessorImpl.invoke0(Native Method)
at java.base/jdk.internal.reflect.NativeMethodAccessorImpl.invoke(NativeMethodAccessorImpl.java:77)
at java.base/jdk.internal.reflect.DelegatingMethodAccessorImpl.invoke(DelegatingMethodAccessorImpl.java:43)
at java.base/java.lang.reflect.Method.invoke(Method.java:568)
at org.testng.internal.invokers.MethodInvocationHelper.invokeMethod(MethodInvocationHelper.java:141)
at org.testng.internal.invokers.TestInvoker.invokeMethod(TestInvoker.java:687)
at org.testng.internal.invokers.TestInvoker.invokeTestMethod(TestInvoker.java:230)
at org.testng.internal.invokers.MethodRunner.runInSequence(MethodRunner.java:63)
at org.testng.internal.invokers.TestInvoker$MethodInvocationAgent.invoke(TestInvoker.java:995)
at org.testng.internal.invokers.TestInvoker.invokeTestMethods(TestInvoker.java:203)
at org.testng.internal.invokers.TestMethodWorker.invokeTestMethods(TestMethodWorker.java:154)
at org.testng.internal.invokers.TestMethodWorker.run(TestMethodWorker.java:134)
at java.base/java.util.ArrayList.forEach(ArrayList.java:1511)
at org.testng.TestRunner.privateRun(TestRunner.java:741)
at org.testng.TestRunner.run(TestRunner.java:616)
at org.testng.SuiteRunner.runTest(SuiteRunner.java:421)
at org.testng.SuiteRunner.runSequentially(SuiteRunner.java:413)
at org.testng.SuiteRunner.privateRun(SuiteRunner.java:373)
at org.testng.SuiteRunner.run(SuiteRunner.java:312)
at org.testng.SuiteRunnerWorker.runSuite(SuiteRunnerWorker.java:52)
at org.testng.SuiteRunnerWorker.run(SuiteRunnerWorker.java:95)
at org.testng.TestNG.runSuitesSequentially(TestNG.java:1274)
at org.testng.TestNG.runSuitesLocally(TestNG.java:1208)
at org.testng.TestNG.runSuites(TestNG.java:1112)
at org.testng.TestNG.run(TestNG.java:1079)
at org.testng.remote.AbstractRemoteTestNG.run(AbstractRemoteTestNG.java:115)
at org.testng.remote.RemoteTestNG.initAndRun(RemoteTestNG.java:293)
at org.testng.remote.RemoteTestNG.main(RemoteTestNG.java:91)
]]>
    </failure>
  </testcase> <!-- rapidRemoveClicks -->
  <testcase classname="swag.lab.tests.InventoryTests" name="verifyCartPersistenceAfterRefresh" time="0.344"/>
  <testcase classname="swag.lab.tests.InventoryTests" name="verifySingleProductAddToCart" time="0.189"/>
  <testcase classname="swag.lab.tests.InventoryTests" name="verifyAllProductsDisplayed" time="0.019"/>
  <testcase classname="swag.lab.tests.InventoryTests" name="verifyMultipleProductsAddToCart" time="0.365">
    <failure message="expected [3] but found [1]" type="java.lang.AssertionError">
      <![CDATA[java.lang.AssertionError: expected [3] but found [1]
at org.testng.Assert.fail(Assert.java:111)
at org.testng.Assert.failNotEquals(Assert.java:1590)
at org.testng.Assert.assertEqualsImpl(Assert.java:150)
at org.testng.Assert.assertEquals(Assert.java:132)
at org.testng.Assert.assertEquals(Assert.java:1431)
at org.testng.Assert.assertEquals(Assert.java:1395)
at org.testng.Assert.assertEquals(Assert.java:1441)
at swag.lab.tests.InventoryTests.verifyMultipleProductsAddToCart(InventoryTests.java:159)
at java.base/jdk.internal.reflect.NativeMethodAccessorImpl.invoke0(Native Method)
at java.base/jdk.internal.reflect.NativeMethodAccessorImpl.invoke(NativeMethodAccessorImpl.java:77)
at java.base/jdk.internal.reflect.DelegatingMethodAccessorImpl.invoke(DelegatingMethodAccessorImpl.java:43)
at java.base/java.lang.reflect.Method.invoke(Method.java:568)
at org.testng.internal.invokers.MethodInvocationHelper.invokeMethod(MethodInvocationHelper.java:141)
at org.testng.internal.invokers.TestInvoker.invokeMethod(TestInvoker.java:687)
at org.testng.internal.invokers.TestInvoker.invokeTestMethod(TestInvoker.java:230)
at org.testng.internal.invokers.MethodRunner.runInSequence(MethodRunner.java:63)
at org.testng.internal.invokers.TestInvoker$MethodInvocationAgent.invoke(TestInvoker.java:995)
at org.testng.internal.invokers.TestInvoker.invokeTestMethods(TestInvoker.java:203)
at org.testng.internal.invokers.TestMethodWorker.invokeTestMethods(TestMethodWorker.java:154)
at org.testng.internal.invokers.TestMethodWorker.run(TestMethodWorker.java:134)
at java.base/java.util.ArrayList.forEach(ArrayList.java:1511)
at org.testng.TestRunner.privateRun(TestRunner.java:741)
at org.testng.TestRunner.run(TestRunner.java:616)
at org.testng.SuiteRunner.runTest(SuiteRunner.java:421)
at org.testng.SuiteRunner.runSequentially(SuiteRunner.java:413)
at org.testng.SuiteRunner.privateRun(SuiteRunner.java:373)
at org.testng.SuiteRunner.run(SuiteRunner.java:312)
at org.testng.SuiteRunnerWorker.runSuite(SuiteRunnerWorker.java:52)
at org.testng.SuiteRunnerWorker.run(SuiteRunnerWorker.java:95)
at org.testng.TestNG.runSuitesSequentially(TestNG.java:1274)
at org.testng.TestNG.runSuitesLocally(TestNG.java:1208)
at org.testng.TestNG.runSuites(TestNG.java:1112)
at org.testng.TestNG.run(TestNG.java:1079)
at org.testng.remote.AbstractRemoteTestNG.run(AbstractRemoteTestNG.java:115)
at org.testng.remote.RemoteTestNG.initAndRun(RemoteTestNG.java:293)
at org.testng.remote.RemoteTestNG.main(RemoteTestNG.java:91)
]]>
    </failure>
  </testcase> <!-- verifyMultipleProductsAddToCart -->
  <testcase classname="swag.lab.tests.InventoryTests" name="verifySingleInstanceInCart">
    <skipped/>
  </testcase> <!-- verifySingleInstanceInCart -->
  <testcase classname="swag.lab.tests.InventoryTests" name="verifyRemoveProductUpdatesCartCount">
    <skipped/>
  </testcase> <!-- verifyRemoveProductUpdatesCartCount -->
  <testcase classname="swag.lab.tests.InventoryTests" name="verifyMenuOptions">
    <skipped/>
  </testcase> <!-- verifyMenuOptions -->
  <testcase classname="swag.lab.tests.InventoryTests" name="verifyProductNamesUnique">
    <skipped/>
  </testcase> <!-- verifyProductNamesUnique -->
  <testcase classname="swag.lab.tests.InventoryTests" name="verifySortNameAscending">
    <skipped/>
  </testcase> <!-- verifySortNameAscending -->
  <testcase classname="swag.lab.tests.InventoryTests" name="verifyLongProductNames">
    <skipped/>
  </testcase> <!-- verifyLongProductNames -->
  <testcase classname="swag.lab.tests.InventoryTests" name="verifyCartPersistence">
    <skipped/>
  </testcase> <!-- verifyCartPersistence -->
  <testcase classname="swag.lab.tests.InventoryTests" name="verifyButtonTogglesBackToAddToCart">
    <skipped/>
  </testcase> <!-- verifyButtonTogglesBackToAddToCart -->
  <testcase classname="swag.lab.tests.InventoryTests" name="removeNonExistingItem">
    <skipped/>
  </testcase> <!-- removeNonExistingItem -->
  <testcase classname="swag.lab.tests.InventoryTests" name="verifyNoBrokenImages">
    <skipped/>
  </testcase> <!-- verifyNoBrokenImages -->
  <testcase classname="swag.lab.tests.InventoryTests" name="VerifyUserLoginAndLandToInventoryPage">
    <skipped/>
  </testcase> <!-- VerifyUserLoginAndLandToInventoryPage -->
  <testcase classname="swag.lab.tests.InventoryTests" name="verifySortNameDescending">
    <skipped/>
  </testcase> <!-- verifySortNameDescending -->
  <testcase classname="swag.lab.tests.InventoryTests" name="verifySortPriceHighToLow">
    <skipped/>
  </testcase> <!-- verifySortPriceHighToLow -->
  <testcase classname="swag.lab.tests.InventoryTests" name="verifyProductImagesNotBroken">
    <skipped/>
  </testcase> <!-- verifyProductImagesNotBroken -->
  <testcase classname="swag.lab.tests.InventoryTests" name="verifySortPriceLowToHigh">
    <skipped/>
  </testcase> <!-- verifySortPriceLowToHigh -->
  <testcase classname="swag.lab.tests.InventoryTests" name="VerifyProductListIsDisplayed">
    <skipped/>
  </testcase> <!-- VerifyProductListIsDisplayed -->
  <testcase classname="swag.lab.tests.InventoryTests" name="verifyProductNavigation">
    <skipped/>
  </testcase> <!-- verifyProductNavigation -->
  <testcase classname="swag.lab.tests.InventoryTests" name="verifyRapidAddClicks">
    <skipped/>
  </testcase> <!-- verifyRapidAddClicks -->
  <testcase classname="swag.lab.tests.InventoryTests" name="verifyProductPricesValid">
    <skipped/>
  </testcase> <!-- verifyProductPricesValid -->
  <testcase classname="swag.lab.tests.InventoryTests" name="verifyCartNavigation">
    <skipped/>
  </testcase> <!-- verifyCartNavigation -->
</testsuite> <!-- swag.lab.tests.InventoryTests -->
