<?xml version="1.0" encoding="UTF-8"?>
<!-- Generated by org.testng.reporters.JUnitReportReporter -->
<testsuite hostname="Zmsi" failures="0" tests="32" name="swag.lab.tests.CheckoutOverviewTest" time="7.159" errors="0" timestamp="2026-04-10T22:24:38 IST" skipped="31">
  <testcase classname="swag.lab.tests.CheckoutOverviewTest" name="verifyDescriptionsNotEmpty" time="7.159"/>
  <testcase classname="swag.lab.tests.CheckoutOverviewTest" name="verifyQuantityNotZero">
    <skipped/>
  </testcase> <!-- verifyQuantityNotZero -->
  <testcase classname="swag.lab.tests.CheckoutOverviewTest" name="verifyItemsDisplayed">
    <skipped/>
  </testcase> <!-- verifyItemsDisplayed -->
  <testcase classname="swag.lab.tests.CheckoutOverviewTest" name="verifyEmptyDescription">
    <skipped/>
  </testcase> <!-- verifyEmptyDescription -->
  <testcase classname="swag.lab.tests.CheckoutOverviewTest" name="verifyItemQuantityNotEmpty">
    <skipped/>
  </testcase> <!-- verifyItemQuantityNotEmpty -->
  <testcase classname="swag.lab.tests.CheckoutOverviewTest" name="verifyQuantityDisplayed">
    <skipped/>
  </testcase> <!-- verifyQuantityDisplayed -->
  <testcase classname="swag.lab.tests.CheckoutOverviewTest" name="verifyItemPriceDisplayed">
    <skipped/>
  </testcase> <!-- verifyItemPriceDisplayed -->
  <testcase classname="swag.lab.tests.CheckoutOverviewTest" name="verifyFinishButton">
    <skipped/>
  </testcase> <!-- verifyFinishButton -->
  <testcase classname="swag.lab.tests.CheckoutOverviewTest" name="verifyItemPriceNotEmpty">
    <skipped/>
  </testcase> <!-- verifyItemPriceNotEmpty -->
  <testcase classname="swag.lab.tests.CheckoutOverviewTest" name="verifyItemNameDisplayed">
    <skipped/>
  </testcase> <!-- verifyItemNameDisplayed -->
  <testcase classname="swag.lab.tests.CheckoutOverviewTest" name="verifyDecimalPriceCalculation">
    <skipped/>
  </testcase> <!-- verifyDecimalPriceCalculation -->
  <testcase classname="swag.lab.tests.CheckoutOverviewTest" name="verifyFinishWithoutItems">
    <skipped/>
  </testcase> <!-- verifyFinishWithoutItems -->
  <testcase classname="swag.lab.tests.CheckoutOverviewTest" name="verifyItemCountMatchesCart">
    <skipped/>
  </testcase> <!-- verifyItemCountMatchesCart -->
  <testcase classname="swag.lab.tests.CheckoutOverviewTest" name="verifyMultipleItemQuantity">
    <skipped/>
  </testcase> <!-- verifyMultipleItemQuantity -->
  <testcase classname="swag.lab.tests.CheckoutOverviewTest" name="verifyOverviewPageLoaded">
    <skipped/>
  </testcase> <!-- verifyOverviewPageLoaded -->
  <testcase classname="swag.lab.tests.CheckoutOverviewTest" name="verifyHighPriceItems">
    <skipped/>
  </testcase> <!-- verifyHighPriceItems -->
  <testcase classname="swag.lab.tests.CheckoutOverviewTest" name="verifyTotalCalculationValueCorrect">
    <skipped/>
  </testcase> <!-- verifyTotalCalculationValueCorrect -->
  <testcase classname="swag.lab.tests.CheckoutOverviewTest" name="verifyLargeNumberOfItems">
    <skipped/>
  </testcase> <!-- verifyLargeNumberOfItems -->
  <testcase classname="swag.lab.tests.CheckoutOverviewTest" name="verifyItemsQuantityDisplayed">
    <skipped/>
  </testcase> <!-- verifyItemsQuantityDisplayed -->
  <testcase classname="swag.lab.tests.CheckoutOverviewTest" name="verifyPriceDisplayed">
    <skipped/>
  </testcase> <!-- verifyPriceDisplayed -->
  <testcase classname="swag.lab.tests.CheckoutOverviewTest" name="verifyInvalidSubtotal">
    <skipped/>
  </testcase> <!-- verifyInvalidSubtotal -->
  <testcase classname="swag.lab.tests.CheckoutOverviewTest" name="verifyMultipleItemsDisplayed">
    <skipped/>
  </testcase> <!-- verifyMultipleItemsDisplayed -->
  <testcase classname="swag.lab.tests.CheckoutOverviewTest" name="verifyInvalidTax">
    <skipped/>
  </testcase> <!-- verifyInvalidTax -->
  <testcase classname="swag.lab.tests.CheckoutOverviewTest" name="verifyItemNameNotEmpty">
    <skipped/>
  </testcase> <!-- verifyItemNameNotEmpty -->
  <testcase classname="swag.lab.tests.CheckoutOverviewTest" name="verifyPriceDisplayedUsingParameter">
    <skipped/>
  </testcase> <!-- verifyPriceDisplayedUsingParameter -->
  <testcase classname="swag.lab.tests.CheckoutOverviewTest" name="verifyTotalMismatch">
    <skipped/>
  </testcase> <!-- verifyTotalMismatch -->
  <testcase classname="swag.lab.tests.CheckoutOverviewTest" name="verifyQuantityNumeric">
    <skipped/>
  </testcase> <!-- verifyQuantityNumeric -->
  <testcase classname="swag.lab.tests.CheckoutOverviewTest" name="verifyTotalCalculation">
    <skipped/>
  </testcase> <!-- verifyTotalCalculation -->
  <testcase classname="swag.lab.tests.CheckoutOverviewTest" name="verifyPriceDisplayedUsingDataProvider">
    <skipped/>
  </testcase> <!-- verifyPriceDisplayedUsingDataProvider -->
  <testcase classname="swag.lab.tests.CheckoutOverviewTest" name="verifyItemDescriptionDisplayed">
    <skipped/>
  </testcase> <!-- verifyItemDescriptionDisplayed -->
  <testcase classname="swag.lab.tests.CheckoutOverviewTest" name="verifyCancelButton">
    <skipped/>
  </testcase> <!-- verifyCancelButton -->
  <testcase classname="swag.lab.tests.CheckoutOverviewTest" name="verifySingleItemQuantity">
    <skipped/>
  </testcase> <!-- verifySingleItemQuantity -->
</testsuite> <!-- swag.lab.tests.CheckoutOverviewTest -->
