<?xml version="1.0" encoding="UTF-8"?>
<!-- Generated by org.testng.reporters.JUnitReportReporter -->
<testsuite hostname="Zmsi" failures="0" tests="16" name="swag.lab.tests.CheckOutInformationTest" time="14.563" errors="0" timestamp="2026-04-10T22:07:14 IST" skipped="15">
  <testcase classname="swag.lab.tests.CheckOutInformationTest" name="verifyAllFieldFilled" time="14.563"/>
  <testcase classname="swag.lab.tests.CheckOutInformationTest" name="verifyContinueButtonDisplayed">
    <skipped/>
  </testcase> <!-- verifyContinueButtonDisplayed -->
  <testcase classname="swag.lab.tests.CheckOutInformationTest" name="verifyLastNameFiledEmpty">
    <skipped/>
  </testcase> <!-- verifyLastNameFiledEmpty -->
  <testcase classname="swag.lab.tests.CheckOutInformationTest" name="verifyPostalCodeFiledEmpty">
    <skipped/>
  </testcase> <!-- verifyPostalCodeFiledEmpty -->
  <testcase classname="swag.lab.tests.CheckOutInformationTest" name="verifyFillingCheckoutInformationDetail">
    <skipped/>
  </testcase> <!-- verifyFillingCheckoutInformationDetail -->
  <testcase classname="swag.lab.tests.CheckOutInformationTest" name="verifyLastNameFiledEmptyErrorMag">
    <skipped/>
  </testcase> <!-- verifyLastNameFiledEmptyErrorMag -->
  <testcase classname="swag.lab.tests.CheckOutInformationTest" name="verifyCheckoutPageLoaded">
    <skipped/>
  </testcase> <!-- verifyCheckoutPageLoaded -->
  <testcase classname="swag.lab.tests.CheckOutInformationTest" name="verifyCheckoutInformationPageTitle">
    <skipped/>
  </testcase> <!-- verifyCheckoutInformationPageTitle -->
  <testcase classname="swag.lab.tests.CheckOutInformationTest" name="verifyFirstNameFieldDisplayed">
    <skipped/>
  </testcase> <!-- verifyFirstNameFieldDisplayed -->
  <testcase classname="swag.lab.tests.CheckOutInformationTest" name="verifyFirstNameFiledEmptyErrorMag">
    <skipped/>
  </testcase> <!-- verifyFirstNameFiledEmptyErrorMag -->
  <testcase classname="swag.lab.tests.CheckOutInformationTest" name="verifyClickCheckoutButton">
    <skipped/>
  </testcase> <!-- verifyClickCheckoutButton -->
  <testcase classname="swag.lab.tests.CheckOutInformationTest" name="verifyCancelButtonDisplayed">
    <skipped/>
  </testcase> <!-- verifyCancelButtonDisplayed -->
  <testcase classname="swag.lab.tests.CheckOutInformationTest" name="verifyPostalCodeFieldDisplayed">
    <skipped/>
  </testcase> <!-- verifyPostalCodeFieldDisplayed -->
  <testcase classname="swag.lab.tests.CheckOutInformationTest" name="verifyFirstNameFiledEmpty">
    <skipped/>
  </testcase> <!-- verifyFirstNameFiledEmpty -->
  <testcase classname="swag.lab.tests.CheckOutInformationTest" name="verifyClickCancelButton">
    <skipped/>
  </testcase> <!-- verifyClickCancelButton -->
  <testcase classname="swag.lab.tests.CheckOutInformationTest" name="verifyLastNameFieldDisplayed">
    <skipped/>
  </testcase> <!-- verifyLastNameFieldDisplayed -->
</testsuite> <!-- swag.lab.tests.CheckOutInformationTest -->
