<?xml version="1.0" encoding="UTF-8"?>
<!-- Generated by org.testng.reporters.JUnitReportReporter -->
<testsuite hostname="Zmsi" failures="0" tests="14" name="swag.lab.tests.OrderPlacedTest" time="66.427" errors="0" timestamp="2026-04-11T16:45:28 IST" skipped="6">
  <testcase classname="swag.lab.tests.OrderPlacedTest" name="verifyCheckoutCompletePage" time="4.854"/>
  <testcase classname="swag.lab.tests.OrderPlacedTest" name="verifyCheckoutCompletePage" time="2.559">
    <skipped/>
  </testcase> <!-- verifyCheckoutCompletePage -->
  <testcase classname="swag.lab.tests.OrderPlacedTest" name="verifyCheckoutCompletePage" time="5.763"/>
  <testcase classname="swag.lab.tests.OrderPlacedTest" name="verifyCheckoutCompletePage" time="6.996"/>
  <testcase classname="swag.lab.tests.OrderPlacedTest" name="verifyCheckoutCompletePage" time="6.035"/>
  <testcase classname="swag.lab.tests.OrderPlacedTest" name="verifyCheckoutCompletePage" time="7.410"/>
  <testcase classname="swag.lab.tests.OrderPlacedTest" name="verifyCheckoutCompletePage" time="7.499"/>
  <testcase classname="swag.lab.tests.OrderPlacedTest" name="verifyCheckoutCompletePage" time="14.255"/>
  <testcase classname="swag.lab.tests.OrderPlacedTest" name="verifyCheckoutCompletePage" time="11.056"/>
  <testcase classname="swag.lab.tests.OrderPlacedTest" name="verifyUserStillLoggedIn">
    <skipped/>
  </testcase> <!-- verifyUserStillLoggedIn -->
  <testcase classname="swag.lab.tests.OrderPlacedTest" name="verifyPriceDisplayedUsingParameter">
    <skipped/>
  </testcase> <!-- verifyPriceDisplayedUsingParameter -->
  <testcase classname="swag.lab.tests.OrderPlacedTest" name="verifyDispatchMessage">
    <skipped/>
  </testcase> <!-- verifyDispatchMessage -->
  <testcase classname="swag.lab.tests.OrderPlacedTest" name="verifyBackHomeButtonNavigation">
    <skipped/>
  </testcase> <!-- verifyBackHomeButtonNavigation -->
  <testcase classname="swag.lab.tests.OrderPlacedTest" name="verifyThankYouMessage">
    <skipped/>
  </testcase> <!-- verifyThankYouMessage -->
</testsuite> <!-- swag.lab.tests.OrderPlacedTest -->
