<?xml version="1.0" encoding="UTF-8"?>
<!-- Generated by org.testng.reporters.JUnitReportReporter -->
<testsuite hostname="Zmsi" failures="1" tests="28" name="runners.TestNGRunner" time="210.874" errors="0" timestamp="2026-05-24T20:15:41 IST" skipped="0">
  <testcase classname="runners.TestNGRunner" name="runScenario" time="3.880"/>
  <testcase classname="runners.TestNGRunner" name="runScenario" time="5.861"/>
  <testcase classname="runners.TestNGRunner" name="runScenario" time="24.403"/>
  <testcase classname="runners.TestNGRunner" name="runScenario" time="3.904"/>
  <testcase classname="runners.TestNGRunner" name="runScenario" time="7.118"/>
  <testcase classname="runners.TestNGRunner" name="runScenario" time="4.800"/>
  <testcase classname="runners.TestNGRunner" name="runScenario" time="15.119"/>
  <testcase classname="runners.TestNGRunner" name="runScenario" time="7.565"/>
  <testcase classname="runners.TestNGRunner" name="runScenario" time="5.141"/>
  <testcase classname="runners.TestNGRunner" name="runScenario" time="9.950"/>
  <testcase classname="runners.TestNGRunner" name="runScenario" time="5.552"/>
  <testcase classname="runners.TestNGRunner" name="runScenario" time="3.908"/>
  <testcase classname="runners.TestNGRunner" name="runScenario" time="15.272"/>
  <testcase classname="runners.TestNGRunner" name="runScenario" time="5.799"/>
  <testcase classname="runners.TestNGRunner" name="runScenario" time="15.464"/>
  <testcase classname="runners.TestNGRunner" name="runScenario" time="7.861"/>
  <testcase classname="runners.TestNGRunner" name="runScenario" time="4.888"/>
  <testcase classname="runners.TestNGRunner" name="runScenario" time="5.719"/>
  <testcase classname="runners.TestNGRunner" name="runScenario" time="7.141"/>
  <testcase classname="runners.TestNGRunner" name="runScenario" time="3.826"/>
  <testcase classname="runners.TestNGRunner" name="runScenario" time="4.949"/>
  <testcase classname="runners.TestNGRunner" name="runScenario" time="6.215"/>
  <testcase classname="runners.TestNGRunner" name="runScenario" time="6.295"/>
  <testcase classname="runners.TestNGRunner" name="runScenario" time="4.287"/>
  <testcase classname="runners.TestNGRunner" name="runScenario" time="6.810">
    <failure message="expected [true] but found [false]" type="java.lang.AssertionError">
      <![CDATA[java.lang.AssertionError: expected [true] but found [false]
at org.testng.Assert.fail(Assert.java:111)
at org.testng.Assert.failNotEquals(Assert.java:1590)
at org.testng.Assert.assertTrue(Assert.java:57)
at org.testng.Assert.assertTrue(Assert.java:67)
at stepdefinitions.InventoryStepDefinition.verify_menu_options(InventoryStepDefinition.java:334)
at ✽.all sidebar menu options should be visible(file:///D:/Automation_Project/Selenium_Project/Swag_Lab_Cucumber/src/test/resources/features/Inventory.feature:128)
]]>
    </failure>
  </testcase> <!-- runScenario -->
  <testcase classname="runners.TestNGRunner" name="runScenario" time="5.800"/>
  <testcase classname="runners.TestNGRunner" name="runScenario" time="5.950"/>
  <testcase classname="runners.TestNGRunner" name="runScenario" time="7.397"/>
</testsuite> <!-- runners.TestNGRunner -->
