<?xml version="1.0" encoding="UTF-8"?>
<!-- Generated by org.testng.reporters.JUnitReportReporter -->
<testsuite hostname="Zmsi" failures="2" tests="29" name="swag.lab.tests.InventoryTests" time="6.600" errors="0" timestamp="2026-04-12T16:08:27 IST" skipped="20">
  <testcase classname="swag.lab.tests.InventoryTests" name="VerifyAllElementArePresent" time="2.381"/>
  <testcase classname="swag.lab.tests.InventoryTests" name="VerifyCartIconIsVisible" time="0.120"/>
  <testcase classname="swag.lab.tests.InventoryTests" name="verifyPageTitle" time="0.126"/>
  <testcase classname="swag.lab.tests.InventoryTests" name="verifySingleProductAddToCart" time="0.252"/>
  <testcase classname="swag.lab.tests.InventoryTests" name="verifyAllProductsDisplayed" time="0.016"/>
  <testcase classname="swag.lab.tests.InventoryTests" name="VerifyHamburgerMenuIsVisible" time="0.111"/>
  <testcase classname="swag.lab.tests.InventoryTests" name="rapidRemoveClicks" time="1.379">
    <failure message="expected [0] but found [1]" type="java.lang.AssertionError">
      <![CDATA[java.lang.AssertionError: expected [0] but found [1]
at org.testng.Assert.fail(Assert.java:111)
at org.testng.Assert.failNotEquals(Assert.java:1590)
at org.testng.Assert.assertEqualsImpl(Assert.java:150)
at org.testng.Assert.assertEquals(Assert.java:132)
at org.testng.Assert.assertEquals(Assert.java:1431)
at org.testng.Assert.assertEquals(Assert.java:1395)
at org.testng.Assert.assertEquals(Assert.java:1441)
at swag.lab.tests.InventoryTests.rapidRemoveClicks(InventoryTests.java:224)
at java.base/jdk.internal.reflect.NativeMethodAccessorImpl.invoke0(Native Method)
at java.base/jdk.internal.reflect.NativeMethodAccessorImpl.invoke(NativeMethodAccessorImpl.java:77)
at java.base/jdk.internal.reflect.DelegatingMethodAccessorImpl.invoke(DelegatingMethodAccessorImpl.java:43)
at java.base/java.lang.reflect.Method.invoke(Method.java:568)
at org.testng.internal.invokers.MethodInvocationHelper.invokeMethod(MethodInvocationHelper.java:141)
at org.testng.internal.invokers.TestInvoker.invokeMethod(TestInvoker.java:697)
at org.testng.internal.invokers.TestInvoker.invokeTestMethod(TestInvoker.java:230)
at org.testng.internal.invokers.MethodRunner.runInSequence(MethodRunner.java:63)
at org.testng.internal.invokers.TestInvoker$MethodInvocationAgent.invoke(TestInvoker.java:1005)
at org.testng.internal.invokers.TestInvoker.invokeTestMethods(TestInvoker.java:203)
at org.testng.internal.invokers.TestMethodWorker.invokeTestMethods(TestMethodWorker.java:154)
at org.testng.internal.invokers.TestMethodWorker.run(TestMethodWorker.java:134)
at java.base/java.util.ArrayList.forEach(ArrayList.java:1511)
at org.testng.TestRunner.privateRun(TestRunner.java:744)
at org.testng.TestRunner.run(TestRunner.java:616)
at org.testng.SuiteRunner.runTest(SuiteRunner.java:421)
at org.testng.SuiteRunner.runSequentially(SuiteRunner.java:413)
at org.testng.SuiteRunner.privateRun(SuiteRunner.java:373)
at org.testng.SuiteRunner.run(SuiteRunner.java:312)
at org.testng.SuiteRunnerWorker.runSuite(SuiteRunnerWorker.java:52)
at org.testng.SuiteRunnerWorker.run(SuiteRunnerWorker.java:95)
at org.testng.TestNG.runSuitesSequentially(TestNG.java:1274)
at org.testng.TestNG.runSuitesLocally(TestNG.java:1208)
at org.testng.TestNG.runSuites(TestNG.java:1112)
at org.testng.TestNG.run(TestNG.java:1079)
at org.apache.maven.surefire.testng.TestNGExecutor.run(TestNGExecutor.java:155)
at org.apache.maven.surefire.testng.TestNGDirectoryTestSuite.executeMulti(TestNGDirectoryTestSuite.java:169)
at org.apache.maven.surefire.testng.TestNGDirectoryTestSuite.execute(TestNGDirectoryTestSuite.java:88)
at org.apache.maven.surefire.testng.TestNGProvider.invoke(TestNGProvider.java:137)
at org.apache.maven.surefire.booter.ForkedBooter.runSuitesInProcess(ForkedBooter.java:385)
at org.apache.maven.surefire.booter.ForkedBooter.execute(ForkedBooter.java:162)
at org.apache.maven.surefire.booter.ForkedBooter.run(ForkedBooter.java:507)
at org.apache.maven.surefire.booter.ForkedBooter.main(ForkedBooter.java:495)
]]>
    </failure>
  </testcase> <!-- rapidRemoveClicks -->
  <testcase classname="swag.lab.tests.InventoryTests" name="verifyMultipleProductsAddToCart" time="0.860">
    <failure message="expected [3] but found [1]" type="java.lang.AssertionError">
      <![CDATA[java.lang.AssertionError: expected [3] but found [1]
at org.testng.Assert.fail(Assert.java:111)
at org.testng.Assert.failNotEquals(Assert.java:1590)
at org.testng.Assert.assertEqualsImpl(Assert.java:150)
at org.testng.Assert.assertEquals(Assert.java:132)
at org.testng.Assert.assertEquals(Assert.java:1431)
at org.testng.Assert.assertEquals(Assert.java:1395)
at org.testng.Assert.assertEquals(Assert.java:1441)
at swag.lab.tests.InventoryTests.verifyMultipleProductsAddToCart(InventoryTests.java:159)
at java.base/jdk.internal.reflect.NativeMethodAccessorImpl.invoke0(Native Method)
at java.base/jdk.internal.reflect.NativeMethodAccessorImpl.invoke(NativeMethodAccessorImpl.java:77)
at java.base/jdk.internal.reflect.DelegatingMethodAccessorImpl.invoke(DelegatingMethodAccessorImpl.java:43)
at java.base/java.lang.reflect.Method.invoke(Method.java:568)
at org.testng.internal.invokers.MethodInvocationHelper.invokeMethod(MethodInvocationHelper.java:141)
at org.testng.internal.invokers.TestInvoker.invokeMethod(TestInvoker.java:697)
at org.testng.internal.invokers.TestInvoker.invokeTestMethod(TestInvoker.java:230)
at org.testng.internal.invokers.MethodRunner.runInSequence(MethodRunner.java:63)
at org.testng.internal.invokers.TestInvoker$MethodInvocationAgent.invoke(TestInvoker.java:1005)
at org.testng.internal.invokers.TestInvoker.invokeTestMethods(TestInvoker.java:203)
at org.testng.internal.invokers.TestMethodWorker.invokeTestMethods(TestMethodWorker.java:154)
at org.testng.internal.invokers.TestMethodWorker.run(TestMethodWorker.java:134)
at java.base/java.util.ArrayList.forEach(ArrayList.java:1511)
at org.testng.TestRunner.privateRun(TestRunner.java:744)
at org.testng.TestRunner.run(TestRunner.java:616)
at org.testng.SuiteRunner.runTest(SuiteRunner.java:421)
at org.testng.SuiteRunner.runSequentially(SuiteRunner.java:413)
at org.testng.SuiteRunner.privateRun(SuiteRunner.java:373)
at org.testng.SuiteRunner.run(SuiteRunner.java:312)
at org.testng.SuiteRunnerWorker.runSuite(SuiteRunnerWorker.java:52)
at org.testng.SuiteRunnerWorker.run(SuiteRunnerWorker.java:95)
at org.testng.TestNG.runSuitesSequentially(TestNG.java:1274)
at org.testng.TestNG.runSuitesLocally(TestNG.java:1208)
at org.testng.TestNG.runSuites(TestNG.java:1112)
at org.testng.TestNG.run(TestNG.java:1079)
at org.apache.maven.surefire.testng.TestNGExecutor.run(TestNGExecutor.java:155)
at org.apache.maven.surefire.testng.TestNGDirectoryTestSuite.executeMulti(TestNGDirectoryTestSuite.java:169)
at org.apache.maven.surefire.testng.TestNGDirectoryTestSuite.execute(TestNGDirectoryTestSuite.java:88)
at org.apache.maven.surefire.testng.TestNGProvider.invoke(TestNGProvider.java:137)
at org.apache.maven.surefire.booter.ForkedBooter.runSuitesInProcess(ForkedBooter.java:385)
at org.apache.maven.surefire.booter.ForkedBooter.execute(ForkedBooter.java:162)
at org.apache.maven.surefire.booter.ForkedBooter.run(ForkedBooter.java:507)
at org.apache.maven.surefire.booter.ForkedBooter.main(ForkedBooter.java:495)
]]>
    </failure>
  </testcase> <!-- verifyMultipleProductsAddToCart -->
  <testcase classname="swag.lab.tests.InventoryTests" name="verifyCartPersistenceAfterRefresh" time="1.355"/>
  <testcase classname="swag.lab.tests.InventoryTests" name="verifyCartNavigation">
    <skipped/>
  </testcase> <!-- verifyCartNavigation -->
  <testcase classname="swag.lab.tests.InventoryTests" name="verifyProductPricesValid">
    <skipped/>
  </testcase> <!-- verifyProductPricesValid -->
  <testcase classname="swag.lab.tests.InventoryTests" name="verifySortPriceLowToHigh">
    <skipped/>
  </testcase> <!-- verifySortPriceLowToHigh -->
  <testcase classname="swag.lab.tests.InventoryTests" name="VerifyProductListIsDisplayed">
    <skipped/>
  </testcase> <!-- VerifyProductListIsDisplayed -->
  <testcase classname="swag.lab.tests.InventoryTests" name="verifySingleInstanceInCart">
    <skipped/>
  </testcase> <!-- verifySingleInstanceInCart -->
  <testcase classname="swag.lab.tests.InventoryTests" name="verifySortNameAscending">
    <skipped/>
  </testcase> <!-- verifySortNameAscending -->
  <testcase classname="swag.lab.tests.InventoryTests" name="VerifyUserLoginAndLandToInventoryPage">
    <skipped/>
  </testcase> <!-- VerifyUserLoginAndLandToInventoryPage -->
  <testcase classname="swag.lab.tests.InventoryTests" name="verifyLongProductNames">
    <skipped/>
  </testcase> <!-- verifyLongProductNames -->
  <testcase classname="swag.lab.tests.InventoryTests" name="verifyMenuOptions">
    <skipped/>
  </testcase> <!-- verifyMenuOptions -->
  <testcase classname="swag.lab.tests.InventoryTests" name="verifyRapidAddClicks">
    <skipped/>
  </testcase> <!-- verifyRapidAddClicks -->
  <testcase classname="swag.lab.tests.InventoryTests" name="verifyRemoveProductUpdatesCartCount">
    <skipped/>
  </testcase> <!-- verifyRemoveProductUpdatesCartCount -->
  <testcase classname="swag.lab.tests.InventoryTests" name="verifySortPriceHighToLow">
    <skipped/>
  </testcase> <!-- verifySortPriceHighToLow -->
  <testcase classname="swag.lab.tests.InventoryTests" name="verifyProductNamesUnique">
    <skipped/>
  </testcase> <!-- verifyProductNamesUnique -->
  <testcase classname="swag.lab.tests.InventoryTests" name="verifyProductNavigation">
    <skipped/>
  </testcase> <!-- verifyProductNavigation -->
  <testcase classname="swag.lab.tests.InventoryTests" name="verifyNoBrokenImages">
    <skipped/>
  </testcase> <!-- verifyNoBrokenImages -->
  <testcase classname="swag.lab.tests.InventoryTests" name="removeNonExistingItem">
    <skipped/>
  </testcase> <!-- removeNonExistingItem -->
  <testcase classname="swag.lab.tests.InventoryTests" name="verifySortNameDescending">
    <skipped/>
  </testcase> <!-- verifySortNameDescending -->
  <testcase classname="swag.lab.tests.InventoryTests" name="verifyProductImagesNotBroken">
    <skipped/>
  </testcase> <!-- verifyProductImagesNotBroken -->
  <testcase classname="swag.lab.tests.InventoryTests" name="verifyButtonTogglesBackToAddToCart">
    <skipped/>
  </testcase> <!-- verifyButtonTogglesBackToAddToCart -->
  <testcase classname="swag.lab.tests.InventoryTests" name="verifyCartPersistence">
    <skipped/>
  </testcase> <!-- verifyCartPersistence -->
</testsuite> <!-- swag.lab.tests.InventoryTests -->
