<?xml version="1.0" encoding="UTF-8"?>
<!-- Generated by org.testng.reporters.JUnitReportReporter -->
<testsuite hostname="Zmsi" failures="0" tests="32" name="swag.lab.tests.CheckoutOverviewTest" time="0.000" errors="1" timestamp="2026-04-12T16:08:27 IST" skipped="31">
  <testcase classname="swag.lab.tests.CheckoutOverviewTest" name="verifyDescriptionsNotEmpty" time="0.000">
    <error message="
Parameter &#039;first_name&#039; is required by @Test on method verifyDescriptionsNotEmpty but has not been marked @Optional or defined
" type="org.testng.TestNGException">
      <![CDATA[org.testng.TestNGException: 
Parameter 'first_name' is required by @Test on method verifyDescriptionsNotEmpty but has not been marked @Optional or defined

at org.testng.internal.Parameters.createParams(Parameters.java:264)
at org.testng.internal.Parameters.createParametersForMethod(Parameters.java:352)
at org.testng.internal.Parameters.createParameters(Parameters.java:690)
at org.testng.internal.Parameters.handleParameters(Parameters.java:885)
at org.testng.internal.Parameters.handleParameters(Parameters.java:734)
at org.testng.internal.invokers.ParameterHandler.handleParameters(ParameterHandler.java:72)
at org.testng.internal.invokers.ParameterHandler.createParameters(ParameterHandler.java:51)
at org.testng.internal.invokers.TestInvoker$MethodInvocationAgent.invoke(TestInvoker.java:959)
at org.testng.internal.invokers.TestInvoker.invokeTestMethods(TestInvoker.java:203)
at org.testng.internal.invokers.TestMethodWorker.invokeTestMethods(TestMethodWorker.java:154)
at org.testng.internal.invokers.TestMethodWorker.run(TestMethodWorker.java:134)
at java.base/java.util.ArrayList.forEach(ArrayList.java:1511)
at org.testng.TestRunner.privateRun(TestRunner.java:744)
at org.testng.TestRunner.run(TestRunner.java:616)
at org.testng.SuiteRunner.runTest(SuiteRunner.java:421)
at org.testng.SuiteRunner.runSequentially(SuiteRunner.java:413)
at org.testng.SuiteRunner.privateRun(SuiteRunner.java:373)
at org.testng.SuiteRunner.run(SuiteRunner.java:312)
at org.testng.SuiteRunnerWorker.runSuite(SuiteRunnerWorker.java:52)
at org.testng.SuiteRunnerWorker.run(SuiteRunnerWorker.java:95)
at org.testng.TestNG.runSuitesSequentially(TestNG.java:1274)
at org.testng.TestNG.runSuitesLocally(TestNG.java:1208)
at org.testng.TestNG.runSuites(TestNG.java:1112)
at org.testng.TestNG.run(TestNG.java:1079)
at org.apache.maven.surefire.testng.TestNGExecutor.run(TestNGExecutor.java:155)
at org.apache.maven.surefire.testng.TestNGDirectoryTestSuite.executeMulti(TestNGDirectoryTestSuite.java:169)
at org.apache.maven.surefire.testng.TestNGDirectoryTestSuite.execute(TestNGDirectoryTestSuite.java:88)
at org.apache.maven.surefire.testng.TestNGProvider.invoke(TestNGProvider.java:137)
at org.apache.maven.surefire.booter.ForkedBooter.runSuitesInProcess(ForkedBooter.java:385)
at org.apache.maven.surefire.booter.ForkedBooter.execute(ForkedBooter.java:162)
at org.apache.maven.surefire.booter.ForkedBooter.run(ForkedBooter.java:507)
at org.apache.maven.surefire.booter.ForkedBooter.main(ForkedBooter.java:495)
]]>
    </error>
  </testcase> <!-- verifyDescriptionsNotEmpty -->
  <testcase classname="swag.lab.tests.CheckoutOverviewTest" name="verifyDecimalPriceCalculation">
    <skipped/>
  </testcase> <!-- verifyDecimalPriceCalculation -->
  <testcase classname="swag.lab.tests.CheckoutOverviewTest" name="verifyItemPriceDisplayed">
    <skipped/>
  </testcase> <!-- verifyItemPriceDisplayed -->
  <testcase classname="swag.lab.tests.CheckoutOverviewTest" name="verifyPriceDisplayedUsingParameter">
    <skipped/>
  </testcase> <!-- verifyPriceDisplayedUsingParameter -->
  <testcase classname="swag.lab.tests.CheckoutOverviewTest" name="verifyItemNameNotEmpty">
    <skipped/>
  </testcase> <!-- verifyItemNameNotEmpty -->
  <testcase classname="swag.lab.tests.CheckoutOverviewTest" name="verifyQuantityNumeric">
    <skipped/>
  </testcase> <!-- verifyQuantityNumeric -->
  <testcase classname="swag.lab.tests.CheckoutOverviewTest" name="verifyPriceDisplayed">
    <skipped/>
  </testcase> <!-- verifyPriceDisplayed -->
  <testcase classname="swag.lab.tests.CheckoutOverviewTest" name="verifyFinishButton">
    <skipped/>
  </testcase> <!-- verifyFinishButton -->
  <testcase classname="swag.lab.tests.CheckoutOverviewTest" name="verifyPriceDisplayedUsingDataProvider">
    <skipped/>
  </testcase> <!-- verifyPriceDisplayedUsingDataProvider -->
  <testcase classname="swag.lab.tests.CheckoutOverviewTest" name="verifyInvalidTax">
    <skipped/>
  </testcase> <!-- verifyInvalidTax -->
  <testcase classname="swag.lab.tests.CheckoutOverviewTest" name="verifyItemDescriptionDisplayed">
    <skipped/>
  </testcase> <!-- verifyItemDescriptionDisplayed -->
  <testcase classname="swag.lab.tests.CheckoutOverviewTest" name="verifyMultipleItemQuantity">
    <skipped/>
  </testcase> <!-- verifyMultipleItemQuantity -->
  <testcase classname="swag.lab.tests.CheckoutOverviewTest" name="verifyItemsDisplayed">
    <skipped/>
  </testcase> <!-- verifyItemsDisplayed -->
  <testcase classname="swag.lab.tests.CheckoutOverviewTest" name="verifyCancelButton">
    <skipped/>
  </testcase> <!-- verifyCancelButton -->
  <testcase classname="swag.lab.tests.CheckoutOverviewTest" name="verifyQuantityNotZero">
    <skipped/>
  </testcase> <!-- verifyQuantityNotZero -->
  <testcase classname="swag.lab.tests.CheckoutOverviewTest" name="verifyOverviewPageLoaded">
    <skipped/>
  </testcase> <!-- verifyOverviewPageLoaded -->
  <testcase classname="swag.lab.tests.CheckoutOverviewTest" name="verifyLargeNumberOfItems">
    <skipped/>
  </testcase> <!-- verifyLargeNumberOfItems -->
  <testcase classname="swag.lab.tests.CheckoutOverviewTest" name="verifyEmptyDescription">
    <skipped/>
  </testcase> <!-- verifyEmptyDescription -->
  <testcase classname="swag.lab.tests.CheckoutOverviewTest" name="verifyItemQuantityNotEmpty">
    <skipped/>
  </testcase> <!-- verifyItemQuantityNotEmpty -->
  <testcase classname="swag.lab.tests.CheckoutOverviewTest" name="verifyMultipleItemsDisplayed">
    <skipped/>
  </testcase> <!-- verifyMultipleItemsDisplayed -->
  <testcase classname="swag.lab.tests.CheckoutOverviewTest" name="verifyItemPriceNotEmpty">
    <skipped/>
  </testcase> <!-- verifyItemPriceNotEmpty -->
  <testcase classname="swag.lab.tests.CheckoutOverviewTest" name="verifyTotalMismatch">
    <skipped/>
  </testcase> <!-- verifyTotalMismatch -->
  <testcase classname="swag.lab.tests.CheckoutOverviewTest" name="verifyQuantityDisplayed">
    <skipped/>
  </testcase> <!-- verifyQuantityDisplayed -->
  <testcase classname="swag.lab.tests.CheckoutOverviewTest" name="verifySingleItemQuantity">
    <skipped/>
  </testcase> <!-- verifySingleItemQuantity -->
  <testcase classname="swag.lab.tests.CheckoutOverviewTest" name="verifyInvalidSubtotal">
    <skipped/>
  </testcase> <!-- verifyInvalidSubtotal -->
  <testcase classname="swag.lab.tests.CheckoutOverviewTest" name="verifyTotalCalculation">
    <skipped/>
  </testcase> <!-- verifyTotalCalculation -->
  <testcase classname="swag.lab.tests.CheckoutOverviewTest" name="verifyItemCountMatchesCart">
    <skipped/>
  </testcase> <!-- verifyItemCountMatchesCart -->
  <testcase classname="swag.lab.tests.CheckoutOverviewTest" name="verifyItemNameDisplayed">
    <skipped/>
  </testcase> <!-- verifyItemNameDisplayed -->
  <testcase classname="swag.lab.tests.CheckoutOverviewTest" name="verifyItemsQuantityDisplayed">
    <skipped/>
  </testcase> <!-- verifyItemsQuantityDisplayed -->
  <testcase classname="swag.lab.tests.CheckoutOverviewTest" name="verifyFinishWithoutItems">
    <skipped/>
  </testcase> <!-- verifyFinishWithoutItems -->
  <testcase classname="swag.lab.tests.CheckoutOverviewTest" name="verifyTotalCalculationValueCorrect">
    <skipped/>
  </testcase> <!-- verifyTotalCalculationValueCorrect -->
  <testcase classname="swag.lab.tests.CheckoutOverviewTest" name="verifyHighPriceItems">
    <skipped/>
  </testcase> <!-- verifyHighPriceItems -->
</testsuite> <!-- swag.lab.tests.CheckoutOverviewTest -->
