<?xml version="1.0" encoding="UTF-8"?>
<!-- Generated by org.testng.reporters.JUnitReportReporter -->
<testsuite hostname="Zmsi" failures="0" tests="14" name="swag.lab.tests.OrderPlacedTest" time="62.479" errors="0" timestamp="2026-04-12T16:08:27 IST" skipped="6">
  <testcase classname="swag.lab.tests.OrderPlacedTest" name="verifyCheckoutCompletePage" time="4.170"/>
  <testcase classname="swag.lab.tests.OrderPlacedTest" name="verifyCheckoutCompletePage" time="8.432"/>
  <testcase classname="swag.lab.tests.OrderPlacedTest" name="verifyCheckoutCompletePage" time="4.893"/>
  <testcase classname="swag.lab.tests.OrderPlacedTest" name="verifyCheckoutCompletePage" time="5.609"/>
  <testcase classname="swag.lab.tests.OrderPlacedTest" name="verifyCheckoutCompletePage" time="3.721"/>
  <testcase classname="swag.lab.tests.OrderPlacedTest" name="verifyCheckoutCompletePage" time="15.029">
    <skipped/>
  </testcase> <!-- verifyCheckoutCompletePage -->
  <testcase classname="swag.lab.tests.OrderPlacedTest" name="verifyCheckoutCompletePage" time="10.954"/>
  <testcase classname="swag.lab.tests.OrderPlacedTest" name="verifyCheckoutCompletePage" time="4.172"/>
  <testcase classname="swag.lab.tests.OrderPlacedTest" name="verifyCheckoutCompletePage" time="5.499"/>
  <testcase classname="swag.lab.tests.OrderPlacedTest" name="verifyBackHomeButtonNavigation">
    <skipped/>
  </testcase> <!-- verifyBackHomeButtonNavigation -->
  <testcase classname="swag.lab.tests.OrderPlacedTest" name="verifyDispatchMessage">
    <skipped/>
  </testcase> <!-- verifyDispatchMessage -->
  <testcase classname="swag.lab.tests.OrderPlacedTest" name="verifyUserStillLoggedIn">
    <skipped/>
  </testcase> <!-- verifyUserStillLoggedIn -->
  <testcase classname="swag.lab.tests.OrderPlacedTest" name="verifyThankYouMessage">
    <skipped/>
  </testcase> <!-- verifyThankYouMessage -->
  <testcase classname="swag.lab.tests.OrderPlacedTest" name="verifyPriceDisplayedUsingParameter">
    <skipped/>
  </testcase> <!-- verifyPriceDisplayedUsingParameter -->
</testsuite> <!-- swag.lab.tests.OrderPlacedTest -->
