<?xml version="1.0" encoding="UTF-8"?>
<!-- Generated by org.testng.reporters.JUnitReportReporter -->
<testsuite hostname="Zmsi" failures="0" tests="4" name="swag.lab.tests.LoginTest" time="5.943" errors="0" timestamp="2026-04-12T16:08:27 IST" skipped="3">
  <testcase classname="swag.lab.tests.LoginTest" name="invalidLoginPasswordRequired" time="5.943"/>
  <testcase classname="swag.lab.tests.LoginTest" name="invalidLoginWhenUsernameAndPawordNotMatch">
    <skipped/>
  </testcase> <!-- invalidLoginWhenUsernameAndPawordNotMatch -->
  <testcase classname="swag.lab.tests.LoginTest" name="validLogin">
    <skipped/>
  </testcase> <!-- validLogin -->
  <testcase classname="swag.lab.tests.LoginTest" name="invalidLoginUsernameRequired">
    <skipped/>
  </testcase> <!-- invalidLoginUsernameRequired -->
</testsuite> <!-- swag.lab.tests.LoginTest -->
