<?xml version="1.0" encoding="UTF-8"?>
<!-- Generated by org.testng.reporters.JUnitReportReporter -->
<testsuite hostname="Zmsi" failures="0" tests="3" name="swag.lab.tests.LogOutTest" time="12.041" errors="0" timestamp="2026-04-12T16:08:27 IST" skipped="2">
  <testcase classname="swag.lab.tests.LogOutTest" name="verifyCartResetAfterLogout" time="12.041"/>
  <testcase classname="swag.lab.tests.LogOutTest" name="verifyUserLogout">
    <skipped/>
  </testcase> <!-- verifyUserLogout -->
  <testcase classname="swag.lab.tests.LogOutTest" name="verifyLogout">
    <skipped/>
  </testcase> <!-- verifyLogout -->
</testsuite> <!-- swag.lab.tests.LogOutTest -->
